<?xml version="1.0" encoding="UTF-8"?>
<testsuite name="swlee.logiclist.service.BoardServiceImplTest" tests="1" skipped="0" failures="0" errors="0" timestamp="2022-09-23T03:27:34" hostname="iseog-un-ui-MacBookPro.local" time="0.626">
  <properties/>
  <testcase name="findByOrder()" classname="swlee.logiclist.service.BoardServiceImplTest" time="0.626"/>
  <system-out><![CDATA[12:27:22.032 [Test worker] DEBUG org.springframework.test.context.BootstrapUtils - Instantiating CacheAwareContextLoaderDelegate from class [org.springframework.test.context.cache.DefaultCacheAwareContextLoaderDelegate]
12:27:22.042 [Test worker] DEBUG org.springframework.test.context.BootstrapUtils - Instantiating BootstrapContext using constructor [public org.springframework.test.context.support.DefaultBootstrapContext(java.lang.Class,org.springframework.test.context.CacheAwareContextLoaderDelegate)]
12:27:22.086 [Test worker] DEBUG org.springframework.test.context.BootstrapUtils - Instantiating TestContextBootstrapper for test class [swlee.logiclist.service.BoardServiceImplTest] from class [org.springframework.boot.test.context.SpringBootTestContextBootstrapper]
12:27:22.100 [Test worker] INFO org.springframework.boot.test.context.SpringBootTestContextBootstrapper - Neither @ContextConfiguration nor @ContextHierarchy found for test class [swlee.logiclist.service.BoardServiceImplTest], using SpringBootContextLoader
12:27:22.103 [Test worker] DEBUG org.springframework.test.context.support.AbstractContextLoader - Did not detect default resource location for test class [swlee.logiclist.service.BoardServiceImplTest]: class path resource [swlee/logiclist/service/BoardServiceImplTest-context.xml] does not exist
12:27:22.104 [Test worker] DEBUG org.springframework.test.context.support.AbstractContextLoader - Did not detect default resource location for test class [swlee.logiclist.service.BoardServiceImplTest]: class path resource [swlee/logiclist/service/BoardServiceImplTestContext.groovy] does not exist
12:27:22.104 [Test worker] INFO org.springframework.test.context.support.AbstractContextLoader - Could not detect default resource locations for test class [swlee.logiclist.service.BoardServiceImplTest]: no resource found for suffixes {-context.xml, Context.groovy}.
12:27:22.105 [Test worker] INFO org.springframework.test.context.support.AnnotationConfigContextLoaderUtils - Could not detect default configuration classes for test class [swlee.logiclist.service.BoardServiceImplTest]: BoardServiceImplTest does not declare any static, non-private, non-final, nested classes annotated with @Configuration.
12:27:22.165 [Test worker] DEBUG org.springframework.test.context.support.ActiveProfilesUtils - Could not find an 'annotation declaring class' for annotation type [org.springframework.test.context.ActiveProfiles] and class [swlee.logiclist.service.BoardServiceImplTest]
12:27:22.265 [Test worker] DEBUG org.springframework.context.annotation.ClassPathScanningCandidateComponentProvider - Identified candidate component class: file [/Users/leeseokwoon/Documents/GitHub/LogicList/build/classes/java/main/swlee/logiclist/Application.class]
12:27:22.268 [Test worker] INFO org.springframework.boot.test.context.SpringBootTestContextBootstrapper - Found @SpringBootConfiguration swlee.logiclist.Application for test class swlee.logiclist.service.BoardServiceImplTest
12:27:22.392 [Test worker] DEBUG org.springframework.boot.test.context.SpringBootTestContextBootstrapper - @TestExecutionListeners is not present for class [swlee.logiclist.service.BoardServiceImplTest]: using defaults.
12:27:22.394 [Test worker] INFO org.springframework.boot.test.context.SpringBootTestContextBootstrapper - Loaded default TestExecutionListener class names from location [META-INF/spring.factories]: [org.springframework.security.test.context.support.WithSecurityContextTestExecutionListener, org.springframework.security.test.context.support.ReactorContextTestExecutionListener, org.springframework.boot.test.autoconfigure.restdocs.RestDocsTestExecutionListener, org.springframework.boot.test.autoconfigure.web.client.MockRestServiceServerResetTestExecutionListener, org.springframework.boot.test.autoconfigure.web.servlet.MockMvcPrintOnlyOnFailureTestExecutionListener, org.springframework.boot.test.autoconfigure.web.servlet.WebDriverTestExecutionListener, org.springframework.boot.test.autoconfigure.webservices.client.MockWebServiceServerTestExecutionListener, org.springframework.boot.test.mock.mockito.MockitoTestExecutionListener, org.springframework.boot.test.mock.mockito.ResetMocksTestExecutionListener, org.springframework.test.context.web.ServletTestExecutionListener, org.springframework.test.context.support.DirtiesContextBeforeModesTestExecutionListener, org.springframework.test.context.event.ApplicationEventsTestExecutionListener, org.springframework.test.context.support.DependencyInjectionTestExecutionListener, org.springframework.test.context.support.DirtiesContextTestExecutionListener, org.springframework.test.context.transaction.TransactionalTestExecutionListener, org.springframework.test.context.jdbc.SqlScriptsTestExecutionListener, org.springframework.test.context.event.EventPublishingTestExecutionListener]
12:27:22.408 [Test worker] INFO org.springframework.boot.test.context.SpringBootTestContextBootstrapper - Using TestExecutionListeners: [org.springframework.test.context.web.ServletTestExecutionListener@f27ea3, org.springframework.test.context.support.DirtiesContextBeforeModesTestExecutionListener@1ce61929, org.springframework.test.context.event.ApplicationEventsTestExecutionListener@346939bf, org.springframework.boot.test.mock.mockito.MockitoTestExecutionListener@4bf3798b, org.springframework.boot.test.autoconfigure.SpringBootDependencyInjectionTestExecutionListener@58670130, org.springframework.test.context.support.DirtiesContextTestExecutionListener@74e47444, org.springframework.test.context.transaction.TransactionalTestExecutionListener@9bd0fa6, org.springframework.test.context.jdbc.SqlScriptsTestExecutionListener@59d2103b, org.springframework.security.test.context.support.WithSecurityContextTestExecutionListener@39dcf4b0, org.springframework.test.context.event.EventPublishingTestExecutionListener@6e4de19b, org.springframework.security.test.context.support.ReactorContextTestExecutionListener@f6c03cb, org.springframework.boot.test.autoconfigure.restdocs.RestDocsTestExecutionListener@46f699d5, org.springframework.boot.test.autoconfigure.web.client.MockRestServiceServerResetTestExecutionListener@18518ccf, org.springframework.boot.test.autoconfigure.web.servlet.MockMvcPrintOnlyOnFailureTestExecutionListener@1991f767, org.springframework.boot.test.autoconfigure.web.servlet.WebDriverTestExecutionListener@768ccdc5, org.springframework.boot.test.autoconfigure.webservices.client.MockWebServiceServerTestExecutionListener@4c6daf0, org.springframework.boot.test.mock.mockito.ResetMocksTestExecutionListener@10650953]
12:27:22.411 [Test worker] DEBUG org.springframework.test.context.support.AbstractDirtiesContextTestExecutionListener - Before test class: context [DefaultTestContext@b40bb6e testClass = BoardServiceImplTest, testInstance = [null], testMethod = [null], testException = [null], mergedContextConfiguration = [WebMergedContextConfiguration@3a94964 testClass = BoardServiceImplTest, locations = '{}', classes = '{class swlee.logiclist.Application}', contextInitializerClasses = '[]', activeProfiles = '{}', propertySourceLocations = '{}', propertySourceProperties = '{org.springframework.boot.test.context.SpringBootTestContextBootstrapper=true}', contextCustomizers = set[org.springframework.boot.test.autoconfigure.actuate.metrics.MetricsExportContextCustomizerFactory$DisableMetricExportContextCustomizer@b4711e2, org.springframework.boot.test.autoconfigure.properties.PropertyMappingContextCustomizer@0, org.springframework.boot.test.autoconfigure.web.servlet.WebDriverContextCustomizerFactory$Customizer@74589991, org.springframework.boot.test.context.filter.ExcludeFilterContextCustomizer@1869fbd2, org.springframework.boot.test.json.DuplicateJsonObjectContextCustomizerFactory$DuplicateJsonObjectContextCustomizer@ca30bc1, org.springframework.boot.test.mock.mockito.MockitoContextCustomizer@0, org.springframework.boot.test.web.client.TestRestTemplateContextCustomizer@66c61024, org.springframework.boot.test.context.SpringBootTestArgs@1, org.springframework.boot.test.context.SpringBootTestWebEnvironment@d21a74c], resourceBasePath = 'src/main/webapp', contextLoader = 'org.springframework.boot.test.context.SpringBootContextLoader', parent = [null]], attributes = map['org.springframework.test.context.web.ServletTestExecutionListener.activateListener' -> true]], class annotated with @DirtiesContext [false] with mode [null].

  .   ____          _            __ _ _
 /\\ / ___'_ __ _ _(_)_ __  __ _ \ \ \ \
( ( )\___ | '_ | '_| | '_ \/ _` | \ \ \ \
 \\/  ___)| |_)| | | | | || (_| |  ) ) ) )
  '  |____| .__|_| |_|_| |_\__, | / / / /
 =========|_|==============|___/=/_/_/_/
 :: Spring Boot ::                (v2.7.3)

2022-09-23 12:27:22.983  INFO 27507 --- [    Test worker] s.l.service.BoardServiceImplTest         : Starting BoardServiceImplTest using Java 17.0.4.1 on iseog-un-ui-MacBookPro.local with PID 27507 (started by leeseokwoon in /Users/leeseokwoon/Documents/GitHub/LogicList)
2022-09-23 12:27:22.985  INFO 27507 --- [    Test worker] s.l.service.BoardServiceImplTest         : The following 2 profiles are active: "local", "common"
2022-09-23 12:27:31.304  INFO 27507 --- [    Test worker] trationDelegate$BeanPostProcessorChecker : Bean '(inner bean)#558b4942' of type [com.amazonaws.auth.EC2ContainerCredentialsProviderWrapper] is not eligible for getting processed by all BeanPostProcessors (for example: not eligible for auto-proxying)
2022-09-23 12:27:31.318  INFO 27507 --- [    Test worker] trationDelegate$BeanPostProcessorChecker : Bean '(inner bean)#6968c1d6' of type [com.amazonaws.auth.profile.ProfileCredentialsProvider] is not eligible for getting processed by all BeanPostProcessors (for example: not eligible for auto-proxying)
2022-09-23 12:27:31.339  INFO 27507 --- [    Test worker] trationDelegate$BeanPostProcessorChecker : Bean 'credentialsProvider' of type [org.springframework.cloud.aws.core.credentials.CredentialsProviderFactoryBean] is not eligible for getting processed by all BeanPostProcessors (for example: not eligible for auto-proxying)
2022-09-23 12:27:31.339  INFO 27507 --- [    Test worker] trationDelegate$BeanPostProcessorChecker : Bean 'credentialsProvider' of type [com.amazonaws.auth.AWSCredentialsProviderChain] is not eligible for getting processed by all BeanPostProcessors (for example: not eligible for auto-proxying)
2022-09-23 12:27:32.944  INFO 27507 --- [    Test worker] o.s.s.web.DefaultSecurityFilterChain     : Will secure any request with [org.springframework.security.web.session.DisableEncodeUrlFilter@46ea78f0, org.springframework.security.web.context.request.async.WebAsyncManagerIntegrationFilter@5889fc44, org.springframework.security.web.context.SecurityContextPersistenceFilter@b3857e2, org.springframework.security.web.header.HeaderWriterFilter@566fe83c, org.springframework.security.web.authentication.logout.LogoutFilter@4baf997, org.springframework.security.web.authentication.UsernamePasswordAuthenticationFilter@4fd80300, org.springframework.security.web.savedrequest.RequestCacheAwareFilter@4052913c, org.springframework.security.web.servletapi.SecurityContextHolderAwareRequestFilter@99c4993, org.springframework.security.web.authentication.AnonymousAuthenticationFilter@6598caab, org.springframework.security.web.session.SessionManagementFilter@3f3c8b60, org.springframework.security.web.access.ExceptionTranslationFilter@2c8ff67, org.springframework.security.web.access.intercept.FilterSecurityInterceptor@26d40c77]
2022-09-23 12:27:34.859  INFO 27507 --- [    Test worker] s.l.service.BoardServiceImplTest         : Started BoardServiceImplTest in 12.394 seconds (JVM running for 13.915)
2022-09-23 12:27:35.491  INFO 27507 --- [    Test worker] s.l.service.BoardServiceImplTest         : FindByOrder=
]]></system-out>
  <system-err><![CDATA[]]></system-err>
</testsuite>
