<?xml version="1.0" encoding="UTF-8"?>
<testsuite name="swlee.logiclist.service.UserServiceImplTest" tests="3" skipped="0" failures="0" errors="0" timestamp="2022-09-11T05:36:10" hostname="iseog-un-ui-MacBookPro.local" time="0.739">
  <properties/>
  <testcase name="delete()" classname="swlee.logiclist.service.UserServiceImplTest" time="0.647"/>
  <testcase name="findByName()" classname="swlee.logiclist.service.UserServiceImplTest" time="0.06"/>
  <testcase name="save()" classname="swlee.logiclist.service.UserServiceImplTest" time="0.022"/>
  <system-out><![CDATA[14:36:05.926 [Test worker] DEBUG org.springframework.test.context.BootstrapUtils - Instantiating CacheAwareContextLoaderDelegate from class [org.springframework.test.context.cache.DefaultCacheAwareContextLoaderDelegate]
14:36:05.937 [Test worker] DEBUG org.springframework.test.context.BootstrapUtils - Instantiating BootstrapContext using constructor [public org.springframework.test.context.support.DefaultBootstrapContext(java.lang.Class,org.springframework.test.context.CacheAwareContextLoaderDelegate)]
14:36:05.983 [Test worker] DEBUG org.springframework.test.context.BootstrapUtils - Instantiating TestContextBootstrapper for test class [swlee.logiclist.service.UserServiceImplTest] from class [org.springframework.boot.test.context.SpringBootTestContextBootstrapper]
14:36:05.993 [Test worker] INFO org.springframework.boot.test.context.SpringBootTestContextBootstrapper - Neither @ContextConfiguration nor @ContextHierarchy found for test class [swlee.logiclist.service.UserServiceImplTest], using SpringBootContextLoader
14:36:05.997 [Test worker] DEBUG org.springframework.test.context.support.AbstractContextLoader - Did not detect default resource location for test class [swlee.logiclist.service.UserServiceImplTest]: class path resource [swlee/logiclist/service/UserServiceImplTest-context.xml] does not exist
14:36:05.997 [Test worker] DEBUG org.springframework.test.context.support.AbstractContextLoader - Did not detect default resource location for test class [swlee.logiclist.service.UserServiceImplTest]: class path resource [swlee/logiclist/service/UserServiceImplTestContext.groovy] does not exist
14:36:05.998 [Test worker] INFO org.springframework.test.context.support.AbstractContextLoader - Could not detect default resource locations for test class [swlee.logiclist.service.UserServiceImplTest]: no resource found for suffixes {-context.xml, Context.groovy}.
14:36:05.998 [Test worker] INFO org.springframework.test.context.support.AnnotationConfigContextLoaderUtils - Could not detect default configuration classes for test class [swlee.logiclist.service.UserServiceImplTest]: UserServiceImplTest does not declare any static, non-private, non-final, nested classes annotated with @Configuration.
14:36:06.050 [Test worker] DEBUG org.springframework.test.context.support.ActiveProfilesUtils - Could not find an 'annotation declaring class' for annotation type [org.springframework.test.context.ActiveProfiles] and class [swlee.logiclist.service.UserServiceImplTest]
14:36:06.145 [Test worker] DEBUG org.springframework.context.annotation.ClassPathScanningCandidateComponentProvider - Identified candidate component class: file [/Users/leeseokwoon/Documents/GitHub/LogicList/build/classes/java/main/swlee/logiclist/Application.class]
14:36:06.147 [Test worker] INFO org.springframework.boot.test.context.SpringBootTestContextBootstrapper - Found @SpringBootConfiguration swlee.logiclist.Application for test class swlee.logiclist.service.UserServiceImplTest
14:36:06.223 [Test worker] DEBUG org.springframework.boot.test.context.SpringBootTestContextBootstrapper - @TestExecutionListeners is not present for class [swlee.logiclist.service.UserServiceImplTest]: using defaults.
14:36:06.224 [Test worker] INFO org.springframework.boot.test.context.SpringBootTestContextBootstrapper - Loaded default TestExecutionListener class names from location [META-INF/spring.factories]: [org.springframework.security.test.context.support.WithSecurityContextTestExecutionListener, org.springframework.security.test.context.support.ReactorContextTestExecutionListener, org.springframework.boot.test.autoconfigure.restdocs.RestDocsTestExecutionListener, org.springframework.boot.test.autoconfigure.web.client.MockRestServiceServerResetTestExecutionListener, org.springframework.boot.test.autoconfigure.web.servlet.MockMvcPrintOnlyOnFailureTestExecutionListener, org.springframework.boot.test.autoconfigure.web.servlet.WebDriverTestExecutionListener, org.springframework.boot.test.autoconfigure.webservices.client.MockWebServiceServerTestExecutionListener, org.springframework.boot.test.mock.mockito.MockitoTestExecutionListener, org.springframework.boot.test.mock.mockito.ResetMocksTestExecutionListener, org.springframework.test.context.web.ServletTestExecutionListener, org.springframework.test.context.support.DirtiesContextBeforeModesTestExecutionListener, org.springframework.test.context.event.ApplicationEventsTestExecutionListener, org.springframework.test.context.support.DependencyInjectionTestExecutionListener, org.springframework.test.context.support.DirtiesContextTestExecutionListener, org.springframework.test.context.transaction.TransactionalTestExecutionListener, org.springframework.test.context.jdbc.SqlScriptsTestExecutionListener, org.springframework.test.context.event.EventPublishingTestExecutionListener]
14:36:06.238 [Test worker] INFO org.springframework.boot.test.context.SpringBootTestContextBootstrapper - Using TestExecutionListeners: [org.springframework.test.context.web.ServletTestExecutionListener@749c877b, org.springframework.test.context.support.DirtiesContextBeforeModesTestExecutionListener@efde75f, org.springframework.test.context.event.ApplicationEventsTestExecutionListener@16ecee1, org.springframework.boot.test.mock.mockito.MockitoTestExecutionListener@3b220bcb, org.springframework.boot.test.autoconfigure.SpringBootDependencyInjectionTestExecutionListener@2b95e48b, org.springframework.test.context.support.DirtiesContextTestExecutionListener@4a3329b9, org.springframework.test.context.transaction.TransactionalTestExecutionListener@3dddefd8, org.springframework.test.context.jdbc.SqlScriptsTestExecutionListener@160ac7fb, org.springframework.security.test.context.support.WithSecurityContextTestExecutionListener@12bfd80d, org.springframework.test.context.event.EventPublishingTestExecutionListener@41925502, org.springframework.security.test.context.support.ReactorContextTestExecutionListener@13e3c1c7, org.springframework.boot.test.autoconfigure.restdocs.RestDocsTestExecutionListener@5316e95f, org.springframework.boot.test.autoconfigure.web.client.MockRestServiceServerResetTestExecutionListener@3f053c80, org.springframework.boot.test.autoconfigure.web.servlet.MockMvcPrintOnlyOnFailureTestExecutionListener@6c6c5427, org.springframework.boot.test.autoconfigure.web.servlet.WebDriverTestExecutionListener@618c5d94, org.springframework.boot.test.autoconfigure.webservices.client.MockWebServiceServerTestExecutionListener@5b40ceb, org.springframework.boot.test.mock.mockito.ResetMocksTestExecutionListener@13c3c1e1]
14:36:06.241 [Test worker] DEBUG org.springframework.test.context.support.AbstractDirtiesContextTestExecutionListener - Before test class: context [DefaultTestContext@207ea13 testClass = UserServiceImplTest, testInstance = [null], testMethod = [null], testException = [null], mergedContextConfiguration = [WebMergedContextConfiguration@4bff1903 testClass = UserServiceImplTest, locations = '{}', classes = '{class swlee.logiclist.Application}', contextInitializerClasses = '[]', activeProfiles = '{}', propertySourceLocations = '{}', propertySourceProperties = '{org.springframework.boot.test.context.SpringBootTestContextBootstrapper=true}', contextCustomizers = set[org.springframework.boot.test.autoconfigure.actuate.metrics.MetricsExportContextCustomizerFactory$DisableMetricExportContextCustomizer@1e8b7643, org.springframework.boot.test.autoconfigure.properties.PropertyMappingContextCustomizer@0, org.springframework.boot.test.autoconfigure.web.servlet.WebDriverContextCustomizerFactory$Customizer@1984b1f, org.springframework.boot.test.context.filter.ExcludeFilterContextCustomizer@6d167f58, org.springframework.boot.test.json.DuplicateJsonObjectContextCustomizerFactory$DuplicateJsonObjectContextCustomizer@19c65cdc, org.springframework.boot.test.mock.mockito.MockitoContextCustomizer@0, org.springframework.boot.test.web.client.TestRestTemplateContextCustomizer@70f02c32, org.springframework.boot.test.context.SpringBootTestArgs@1, org.springframework.boot.test.context.SpringBootTestWebEnvironment@8c3b9d], resourceBasePath = 'src/main/webapp', contextLoader = 'org.springframework.boot.test.context.SpringBootContextLoader', parent = [null]], attributes = map['org.springframework.test.context.web.ServletTestExecutionListener.activateListener' -> true]], class annotated with @DirtiesContext [false] with mode [null].

  .   ____          _            __ _ _
 /\\ / ___'_ __ _ _(_)_ __  __ _ \ \ \ \
( ( )\___ | '_ | '_| | '_ \/ _` | \ \ \ \
 \\/  ___)| |_)| | | | | || (_| |  ) ) ) )
  '  |____| .__|_| |_|_| |_\__, | / / / /
 =========|_|==============|___/=/_/_/_/
 :: Spring Boot ::                (v2.7.3)

2022-09-11 14:36:06.733  INFO 9081 --- [    Test worker] s.logiclist.service.UserServiceImplTest  : Starting UserServiceImplTest using Java 17.0.4.1 on iseog-un-ui-MacBookPro.local with PID 9081 (started by leeseokwoon in /Users/leeseokwoon/Documents/GitHub/LogicList)
2022-09-11 14:36:06.735  INFO 9081 --- [    Test worker] s.logiclist.service.UserServiceImplTest  : No active profile set, falling back to 1 default profile: "default"
2022-09-11 14:36:08.725  WARN 9081 --- [    Test worker] .s.s.UserDetailsServiceAutoConfiguration : 

Using generated security password: 729b4ad1-6edc-43f1-bb21-fe178cca3c5f

This generated password is for development use only. Your security configuration must be updated before running your application in production.

2022-09-11 14:36:09.012  INFO 9081 --- [    Test worker] o.s.s.web.DefaultSecurityFilterChain     : Will secure any request with [org.springframework.security.web.session.DisableEncodeUrlFilter@35b17c06, org.springframework.security.web.context.request.async.WebAsyncManagerIntegrationFilter@45545e7a, org.springframework.security.web.context.SecurityContextPersistenceFilter@5b88b8e, org.springframework.security.web.header.HeaderWriterFilter@4c6b4ed7, org.springframework.security.web.csrf.CsrfFilter@58fbd02e, org.springframework.security.web.authentication.logout.LogoutFilter@250a9031, org.springframework.security.web.authentication.UsernamePasswordAuthenticationFilter@25a7fedf, org.springframework.security.web.savedrequest.RequestCacheAwareFilter@1bf14704, org.springframework.security.web.servletapi.SecurityContextHolderAwareRequestFilter@5a545b0f, org.springframework.security.web.authentication.AnonymousAuthenticationFilter@9f674ac, org.springframework.security.web.session.SessionManagementFilter@4a92c6a9, org.springframework.security.web.access.ExceptionTranslationFilter@54e12f4c, org.springframework.security.web.access.intercept.FilterSecurityInterceptor@659f226a]
2022-09-11 14:36:10.136  INFO 9081 --- [    Test worker] s.logiclist.service.UserServiceImplTest  : Started UserServiceImplTest in 3.834 seconds (JVM running for 5.224)
2022-09-11 14:36:10.853  INFO 9081 --- [    Test worker] s.logiclist.service.UserServiceImplTest  : Find User =USER_A
]]></system-out>
  <system-err><![CDATA[]]></system-err>
</testsuite>
