<?xml version="1.0" encoding="UTF-8"?>
<testsuite name="swlee.logiclist.service.UserServiceImplTest" tests="1" skipped="0" failures="0" errors="0" timestamp="2022-09-13T06:31:27" hostname="iseog-un-ui-MacBookPro.local" time="0.9">
  <properties/>
  <testcase name="findByName()" classname="swlee.logiclist.service.UserServiceImplTest" time="0.9"/>
  <system-out><![CDATA[15:31:15.138 [Test worker] DEBUG org.springframework.test.context.BootstrapUtils - Instantiating CacheAwareContextLoaderDelegate from class [org.springframework.test.context.cache.DefaultCacheAwareContextLoaderDelegate]
15:31:15.152 [Test worker] DEBUG org.springframework.test.context.BootstrapUtils - Instantiating BootstrapContext using constructor [public org.springframework.test.context.support.DefaultBootstrapContext(java.lang.Class,org.springframework.test.context.CacheAwareContextLoaderDelegate)]
15:31:15.197 [Test worker] DEBUG org.springframework.test.context.BootstrapUtils - Instantiating TestContextBootstrapper for test class [swlee.logiclist.service.UserServiceImplTest] from class [org.springframework.boot.test.context.SpringBootTestContextBootstrapper]
15:31:15.211 [Test worker] INFO org.springframework.boot.test.context.SpringBootTestContextBootstrapper - Neither @ContextConfiguration nor @ContextHierarchy found for test class [swlee.logiclist.service.UserServiceImplTest], using SpringBootContextLoader
15:31:15.215 [Test worker] DEBUG org.springframework.test.context.support.AbstractContextLoader - Did not detect default resource location for test class [swlee.logiclist.service.UserServiceImplTest]: class path resource [swlee/logiclist/service/UserServiceImplTest-context.xml] does not exist
15:31:15.216 [Test worker] DEBUG org.springframework.test.context.support.AbstractContextLoader - Did not detect default resource location for test class [swlee.logiclist.service.UserServiceImplTest]: class path resource [swlee/logiclist/service/UserServiceImplTestContext.groovy] does not exist
15:31:15.216 [Test worker] INFO org.springframework.test.context.support.AbstractContextLoader - Could not detect default resource locations for test class [swlee.logiclist.service.UserServiceImplTest]: no resource found for suffixes {-context.xml, Context.groovy}.
15:31:15.216 [Test worker] INFO org.springframework.test.context.support.AnnotationConfigContextLoaderUtils - Could not detect default configuration classes for test class [swlee.logiclist.service.UserServiceImplTest]: UserServiceImplTest does not declare any static, non-private, non-final, nested classes annotated with @Configuration.
15:31:15.283 [Test worker] DEBUG org.springframework.test.context.support.ActiveProfilesUtils - Could not find an 'annotation declaring class' for annotation type [org.springframework.test.context.ActiveProfiles] and class [swlee.logiclist.service.UserServiceImplTest]
15:31:15.371 [Test worker] DEBUG org.springframework.context.annotation.ClassPathScanningCandidateComponentProvider - Identified candidate component class: file [/Users/leeseokwoon/Documents/GitHub/LogicList/build/classes/java/main/swlee/logiclist/Application.class]
15:31:15.373 [Test worker] INFO org.springframework.boot.test.context.SpringBootTestContextBootstrapper - Found @SpringBootConfiguration swlee.logiclist.Application for test class swlee.logiclist.service.UserServiceImplTest
15:31:15.491 [Test worker] DEBUG org.springframework.boot.test.context.SpringBootTestContextBootstrapper - @TestExecutionListeners is not present for class [swlee.logiclist.service.UserServiceImplTest]: using defaults.
15:31:15.492 [Test worker] INFO org.springframework.boot.test.context.SpringBootTestContextBootstrapper - Loaded default TestExecutionListener class names from location [META-INF/spring.factories]: [org.springframework.security.test.context.support.WithSecurityContextTestExecutionListener, org.springframework.security.test.context.support.ReactorContextTestExecutionListener, org.springframework.boot.test.autoconfigure.restdocs.RestDocsTestExecutionListener, org.springframework.boot.test.autoconfigure.web.client.MockRestServiceServerResetTestExecutionListener, org.springframework.boot.test.autoconfigure.web.servlet.MockMvcPrintOnlyOnFailureTestExecutionListener, org.springframework.boot.test.autoconfigure.web.servlet.WebDriverTestExecutionListener, org.springframework.boot.test.autoconfigure.webservices.client.MockWebServiceServerTestExecutionListener, org.springframework.boot.test.mock.mockito.MockitoTestExecutionListener, org.springframework.boot.test.mock.mockito.ResetMocksTestExecutionListener, org.springframework.test.context.web.ServletTestExecutionListener, org.springframework.test.context.support.DirtiesContextBeforeModesTestExecutionListener, org.springframework.test.context.event.ApplicationEventsTestExecutionListener, org.springframework.test.context.support.DependencyInjectionTestExecutionListener, org.springframework.test.context.support.DirtiesContextTestExecutionListener, org.springframework.test.context.transaction.TransactionalTestExecutionListener, org.springframework.test.context.jdbc.SqlScriptsTestExecutionListener, org.springframework.test.context.event.EventPublishingTestExecutionListener]
15:31:15.508 [Test worker] INFO org.springframework.boot.test.context.SpringBootTestContextBootstrapper - Using TestExecutionListeners: [org.springframework.test.context.web.ServletTestExecutionListener@3383649e, org.springframework.test.context.support.DirtiesContextBeforeModesTestExecutionListener@10fde30a, org.springframework.test.context.event.ApplicationEventsTestExecutionListener@f27ea3, org.springframework.boot.test.mock.mockito.MockitoTestExecutionListener@1ce61929, org.springframework.boot.test.autoconfigure.SpringBootDependencyInjectionTestExecutionListener@346939bf, org.springframework.test.context.support.DirtiesContextTestExecutionListener@4bf3798b, org.springframework.test.context.transaction.TransactionalTestExecutionListener@58670130, org.springframework.test.context.jdbc.SqlScriptsTestExecutionListener@74e47444, org.springframework.security.test.context.support.WithSecurityContextTestExecutionListener@9bd0fa6, org.springframework.test.context.event.EventPublishingTestExecutionListener@59d2103b, org.springframework.security.test.context.support.ReactorContextTestExecutionListener@39dcf4b0, org.springframework.boot.test.autoconfigure.restdocs.RestDocsTestExecutionListener@6e4de19b, org.springframework.boot.test.autoconfigure.web.client.MockRestServiceServerResetTestExecutionListener@f6c03cb, org.springframework.boot.test.autoconfigure.web.servlet.MockMvcPrintOnlyOnFailureTestExecutionListener@46f699d5, org.springframework.boot.test.autoconfigure.web.servlet.WebDriverTestExecutionListener@18518ccf, org.springframework.boot.test.autoconfigure.webservices.client.MockWebServiceServerTestExecutionListener@1991f767, org.springframework.boot.test.mock.mockito.ResetMocksTestExecutionListener@768ccdc5]
15:31:15.512 [Test worker] DEBUG org.springframework.test.context.support.AbstractDirtiesContextTestExecutionListener - Before test class: context [DefaultTestContext@4ae33a11 testClass = UserServiceImplTest, testInstance = [null], testMethod = [null], testException = [null], mergedContextConfiguration = [WebMergedContextConfiguration@7a48e6e2 testClass = UserServiceImplTest, locations = '{}', classes = '{class swlee.logiclist.Application}', contextInitializerClasses = '[]', activeProfiles = '{}', propertySourceLocations = '{}', propertySourceProperties = '{org.springframework.boot.test.context.SpringBootTestContextBootstrapper=true}', contextCustomizers = set[org.springframework.boot.test.autoconfigure.actuate.metrics.MetricsExportContextCustomizerFactory$DisableMetricExportContextCustomizer@56673b2c, org.springframework.boot.test.autoconfigure.properties.PropertyMappingContextCustomizer@0, org.springframework.boot.test.autoconfigure.web.servlet.WebDriverContextCustomizerFactory$Customizer@3daf7722, org.springframework.boot.test.context.filter.ExcludeFilterContextCustomizer@1fc32e4f, org.springframework.boot.test.json.DuplicateJsonObjectContextCustomizerFactory$DuplicateJsonObjectContextCustomizer@7efaad5a, org.springframework.boot.test.mock.mockito.MockitoContextCustomizer@0, org.springframework.boot.test.web.client.TestRestTemplateContextCustomizer@5f9be66c, org.springframework.boot.test.context.SpringBootTestArgs@1, org.springframework.boot.test.context.SpringBootTestWebEnvironment@5f8edcc5], resourceBasePath = 'src/main/webapp', contextLoader = 'org.springframework.boot.test.context.SpringBootContextLoader', parent = [null]], attributes = map['org.springframework.test.context.web.ServletTestExecutionListener.activateListener' -> true]], class annotated with @DirtiesContext [false] with mode [null].

  .   ____          _            __ _ _
 /\\ / ___'_ __ _ _(_)_ __  __ _ \ \ \ \
( ( )\___ | '_ | '_| | '_ \/ _` | \ \ \ \
 \\/  ___)| |_)| | | | | || (_| |  ) ) ) )
  '  |____| .__|_| |_|_| |_\__, | / / / /
 =========|_|==============|___/=/_/_/_/
 :: Spring Boot ::                (v2.7.3)

2022-09-13 15:31:16.093  INFO 14671 --- [    Test worker] s.logiclist.service.UserServiceImplTest  : Starting UserServiceImplTest using Java 17.0.4.1 on iseog-un-ui-MacBookPro.local with PID 14671 (started by leeseokwoon in /Users/leeseokwoon/Documents/GitHub/LogicList)
2022-09-13 15:31:16.095  INFO 14671 --- [    Test worker] s.logiclist.service.UserServiceImplTest  : The following 2 profiles are active: "local", "common"
2022-09-13 15:31:24.399  INFO 14671 --- [    Test worker] trationDelegate$BeanPostProcessorChecker : Bean '(inner bean)#76544c0a' of type [com.amazonaws.auth.EC2ContainerCredentialsProviderWrapper] is not eligible for getting processed by all BeanPostProcessors (for example: not eligible for auto-proxying)
2022-09-13 15:31:24.417  INFO 14671 --- [    Test worker] trationDelegate$BeanPostProcessorChecker : Bean '(inner bean)#1bf14704' of type [com.amazonaws.auth.profile.ProfileCredentialsProvider] is not eligible for getting processed by all BeanPostProcessors (for example: not eligible for auto-proxying)
2022-09-13 15:31:24.437  INFO 14671 --- [    Test worker] trationDelegate$BeanPostProcessorChecker : Bean 'credentialsProvider' of type [org.springframework.cloud.aws.core.credentials.CredentialsProviderFactoryBean] is not eligible for getting processed by all BeanPostProcessors (for example: not eligible for auto-proxying)
2022-09-13 15:31:24.437  INFO 14671 --- [    Test worker] trationDelegate$BeanPostProcessorChecker : Bean 'credentialsProvider' of type [com.amazonaws.auth.AWSCredentialsProviderChain] is not eligible for getting processed by all BeanPostProcessors (for example: not eligible for auto-proxying)
2022-09-13 15:31:25.606  WARN 14671 --- [    Test worker] .s.s.UserDetailsServiceAutoConfiguration : 

Using generated security password: ed7a674e-42a4-4bf5-9523-a99c077aed17

This generated password is for development use only. Your security configuration must be updated before running your application in production.

2022-09-13 15:31:25.876  INFO 14671 --- [    Test worker] o.s.s.web.DefaultSecurityFilterChain     : Will secure any request with [org.springframework.security.web.session.DisableEncodeUrlFilter@561d88ee, org.springframework.security.web.context.request.async.WebAsyncManagerIntegrationFilter@2c34402, org.springframework.security.web.context.SecurityContextPersistenceFilter@634aa81e, org.springframework.security.web.header.HeaderWriterFilter@6b3d9c38, org.springframework.security.web.authentication.logout.LogoutFilter@fe42a09, org.springframework.security.web.authentication.UsernamePasswordAuthenticationFilter@3dc82e6a, org.springframework.security.web.savedrequest.RequestCacheAwareFilter@5be51aa, org.springframework.security.web.servletapi.SecurityContextHolderAwareRequestFilter@3302035b, org.springframework.security.web.authentication.AnonymousAuthenticationFilter@5f883d90, org.springframework.security.web.session.SessionManagementFilter@5e37fb82, org.springframework.security.web.access.ExceptionTranslationFilter@2cbe455c, org.springframework.security.web.access.intercept.FilterSecurityInterceptor@baa227e]
2022-09-13 15:31:27.325  INFO 14671 --- [    Test worker] s.logiclist.service.UserServiceImplTest  : Started UserServiceImplTest in 11.758 seconds (JVM running for 13.294)
2022-09-13 15:31:28.157  INFO 14671 --- [    Test worker] s.logiclist.service.UserServiceImplTest  : ====UserPassword===::test
2022-09-13 15:31:28.255  INFO 14671 --- [    Test worker] swlee.logiclist.service.UserServiceImpl  : Correct Password 
2022-09-13 15:31:28.255  INFO 14671 --- [    Test worker] s.logiclist.service.UserServiceImplTest  : Find User =USER_A
]]></system-out>
  <system-err><![CDATA[]]></system-err>
</testsuite>
