<?xml version="1.0" encoding="UTF-8"?>
<testsuite name="swlee.logiclist.service.BoardServiceImplTest" tests="4" skipped="0" failures="0" errors="0" timestamp="2022-09-12T06:01:15" hostname="iseog-un-ui-MacBookPro.local" time="1.115">
  <properties/>
  <testcase name="delete()" classname="swlee.logiclist.service.BoardServiceImplTest" time="0.849"/>
  <testcase name="update()" classname="swlee.logiclist.service.BoardServiceImplTest" time="0.098"/>
  <testcase name="findByName()" classname="swlee.logiclist.service.BoardServiceImplTest" time="0.116"/>
  <testcase name="save()" classname="swlee.logiclist.service.BoardServiceImplTest" time="0.036"/>
  <system-out><![CDATA[15:01:10.430 [Test worker] DEBUG org.springframework.test.context.BootstrapUtils - Instantiating CacheAwareContextLoaderDelegate from class [org.springframework.test.context.cache.DefaultCacheAwareContextLoaderDelegate]
15:01:10.441 [Test worker] DEBUG org.springframework.test.context.BootstrapUtils - Instantiating BootstrapContext using constructor [public org.springframework.test.context.support.DefaultBootstrapContext(java.lang.Class,org.springframework.test.context.CacheAwareContextLoaderDelegate)]
15:01:10.491 [Test worker] DEBUG org.springframework.test.context.BootstrapUtils - Instantiating TestContextBootstrapper for test class [swlee.logiclist.service.BoardServiceImplTest] from class [org.springframework.boot.test.context.SpringBootTestContextBootstrapper]
15:01:10.505 [Test worker] INFO org.springframework.boot.test.context.SpringBootTestContextBootstrapper - Neither @ContextConfiguration nor @ContextHierarchy found for test class [swlee.logiclist.service.BoardServiceImplTest], using SpringBootContextLoader
15:01:10.509 [Test worker] DEBUG org.springframework.test.context.support.AbstractContextLoader - Did not detect default resource location for test class [swlee.logiclist.service.BoardServiceImplTest]: class path resource [swlee/logiclist/service/BoardServiceImplTest-context.xml] does not exist
15:01:10.509 [Test worker] DEBUG org.springframework.test.context.support.AbstractContextLoader - Did not detect default resource location for test class [swlee.logiclist.service.BoardServiceImplTest]: class path resource [swlee/logiclist/service/BoardServiceImplTestContext.groovy] does not exist
15:01:10.509 [Test worker] INFO org.springframework.test.context.support.AbstractContextLoader - Could not detect default resource locations for test class [swlee.logiclist.service.BoardServiceImplTest]: no resource found for suffixes {-context.xml, Context.groovy}.
15:01:10.510 [Test worker] INFO org.springframework.test.context.support.AnnotationConfigContextLoaderUtils - Could not detect default configuration classes for test class [swlee.logiclist.service.BoardServiceImplTest]: BoardServiceImplTest does not declare any static, non-private, non-final, nested classes annotated with @Configuration.
15:01:10.578 [Test worker] DEBUG org.springframework.test.context.support.ActiveProfilesUtils - Could not find an 'annotation declaring class' for annotation type [org.springframework.test.context.ActiveProfiles] and class [swlee.logiclist.service.BoardServiceImplTest]
15:01:10.680 [Test worker] DEBUG org.springframework.context.annotation.ClassPathScanningCandidateComponentProvider - Identified candidate component class: file [/Users/leeseokwoon/Documents/GitHub/LogicList/build/classes/java/main/swlee/logiclist/Application.class]
15:01:10.686 [Test worker] INFO org.springframework.boot.test.context.SpringBootTestContextBootstrapper - Found @SpringBootConfiguration swlee.logiclist.Application for test class swlee.logiclist.service.BoardServiceImplTest
15:01:10.797 [Test worker] DEBUG org.springframework.boot.test.context.SpringBootTestContextBootstrapper - @TestExecutionListeners is not present for class [swlee.logiclist.service.BoardServiceImplTest]: using defaults.
15:01:10.799 [Test worker] INFO org.springframework.boot.test.context.SpringBootTestContextBootstrapper - Loaded default TestExecutionListener class names from location [META-INF/spring.factories]: [org.springframework.security.test.context.support.WithSecurityContextTestExecutionListener, org.springframework.security.test.context.support.ReactorContextTestExecutionListener, org.springframework.boot.test.autoconfigure.restdocs.RestDocsTestExecutionListener, org.springframework.boot.test.autoconfigure.web.client.MockRestServiceServerResetTestExecutionListener, org.springframework.boot.test.autoconfigure.web.servlet.MockMvcPrintOnlyOnFailureTestExecutionListener, org.springframework.boot.test.autoconfigure.web.servlet.WebDriverTestExecutionListener, org.springframework.boot.test.autoconfigure.webservices.client.MockWebServiceServerTestExecutionListener, org.springframework.boot.test.mock.mockito.MockitoTestExecutionListener, org.springframework.boot.test.mock.mockito.ResetMocksTestExecutionListener, org.springframework.test.context.web.ServletTestExecutionListener, org.springframework.test.context.support.DirtiesContextBeforeModesTestExecutionListener, org.springframework.test.context.event.ApplicationEventsTestExecutionListener, org.springframework.test.context.support.DependencyInjectionTestExecutionListener, org.springframework.test.context.support.DirtiesContextTestExecutionListener, org.springframework.test.context.transaction.TransactionalTestExecutionListener, org.springframework.test.context.jdbc.SqlScriptsTestExecutionListener, org.springframework.test.context.event.EventPublishingTestExecutionListener]
15:01:10.812 [Test worker] INFO org.springframework.boot.test.context.SpringBootTestContextBootstrapper - Using TestExecutionListeners: [org.springframework.test.context.web.ServletTestExecutionListener@3b220bcb, org.springframework.test.context.support.DirtiesContextBeforeModesTestExecutionListener@2b95e48b, org.springframework.test.context.event.ApplicationEventsTestExecutionListener@4a3329b9, org.springframework.boot.test.mock.mockito.MockitoTestExecutionListener@3dddefd8, org.springframework.boot.test.autoconfigure.SpringBootDependencyInjectionTestExecutionListener@160ac7fb, org.springframework.test.context.support.DirtiesContextTestExecutionListener@12bfd80d, org.springframework.test.context.transaction.TransactionalTestExecutionListener@41925502, org.springframework.test.context.jdbc.SqlScriptsTestExecutionListener@13e3c1c7, org.springframework.security.test.context.support.WithSecurityContextTestExecutionListener@5316e95f, org.springframework.test.context.event.EventPublishingTestExecutionListener@3f053c80, org.springframework.security.test.context.support.ReactorContextTestExecutionListener@6c6c5427, org.springframework.boot.test.autoconfigure.restdocs.RestDocsTestExecutionListener@618c5d94, org.springframework.boot.test.autoconfigure.web.client.MockRestServiceServerResetTestExecutionListener@5b40ceb, org.springframework.boot.test.autoconfigure.web.servlet.MockMvcPrintOnlyOnFailureTestExecutionListener@13c3c1e1, org.springframework.boot.test.autoconfigure.web.servlet.WebDriverTestExecutionListener@1d8062d2, org.springframework.boot.test.autoconfigure.webservices.client.MockWebServiceServerTestExecutionListener@1e63ec0b, org.springframework.boot.test.mock.mockito.ResetMocksTestExecutionListener@3b956878]
15:01:10.815 [Test worker] DEBUG org.springframework.test.context.support.AbstractDirtiesContextTestExecutionListener - Before test class: context [DefaultTestContext@5827af16 testClass = BoardServiceImplTest, testInstance = [null], testMethod = [null], testException = [null], mergedContextConfiguration = [WebMergedContextConfiguration@654d8173 testClass = BoardServiceImplTest, locations = '{}', classes = '{class swlee.logiclist.Application}', contextInitializerClasses = '[]', activeProfiles = '{}', propertySourceLocations = '{}', propertySourceProperties = '{org.springframework.boot.test.context.SpringBootTestContextBootstrapper=true}', contextCustomizers = set[org.springframework.boot.test.autoconfigure.actuate.metrics.MetricsExportContextCustomizerFactory$DisableMetricExportContextCustomizer@73d983ea, org.springframework.boot.test.autoconfigure.properties.PropertyMappingContextCustomizer@0, org.springframework.boot.test.autoconfigure.web.servlet.WebDriverContextCustomizerFactory$Customizer@c7ba306, org.springframework.boot.test.context.filter.ExcludeFilterContextCustomizer@6c4980d3, org.springframework.boot.test.json.DuplicateJsonObjectContextCustomizerFactory$DuplicateJsonObjectContextCustomizer@38b27cdc, org.springframework.boot.test.mock.mockito.MockitoContextCustomizer@0, org.springframework.boot.test.web.client.TestRestTemplateContextCustomizer@401f7633, org.springframework.boot.test.context.SpringBootTestArgs@1, org.springframework.boot.test.context.SpringBootTestWebEnvironment@1e178745], resourceBasePath = 'src/main/webapp', contextLoader = 'org.springframework.boot.test.context.SpringBootContextLoader', parent = [null]], attributes = map['org.springframework.test.context.web.ServletTestExecutionListener.activateListener' -> true]], class annotated with @DirtiesContext [false] with mode [null].

  .   ____          _            __ _ _
 /\\ / ___'_ __ _ _(_)_ __  __ _ \ \ \ \
( ( )\___ | '_ | '_| | '_ \/ _` | \ \ \ \
 \\/  ___)| |_)| | | | | || (_| |  ) ) ) )
  '  |____| .__|_| |_|_| |_\__, | / / / /
 =========|_|==============|___/=/_/_/_/
 :: Spring Boot ::                (v2.7.3)

2022-09-12 15:01:11.299  INFO 11417 --- [    Test worker] s.l.service.BoardServiceImplTest         : Starting BoardServiceImplTest using Java 17.0.4.1 on iseog-un-ui-MacBookPro.local with PID 11417 (started by leeseokwoon in /Users/leeseokwoon/Documents/GitHub/LogicList)
2022-09-12 15:01:11.300  INFO 11417 --- [    Test worker] s.l.service.BoardServiceImplTest         : No active profile set, falling back to 1 default profile: "default"
2022-09-12 15:01:13.329  WARN 11417 --- [    Test worker] .s.s.UserDetailsServiceAutoConfiguration : 

Using generated security password: 7adb3e7f-f721-478d-b2a6-2ed65de578de

This generated password is for development use only. Your security configuration must be updated before running your application in production.

2022-09-12 15:01:13.633  INFO 11417 --- [    Test worker] o.s.s.web.DefaultSecurityFilterChain     : Will secure any request with [org.springframework.security.web.session.DisableEncodeUrlFilter@da28d03, org.springframework.security.web.context.request.async.WebAsyncManagerIntegrationFilter@ebda593, org.springframework.security.web.context.SecurityContextPersistenceFilter@14924f41, org.springframework.security.web.header.HeaderWriterFilter@2be21396, org.springframework.security.web.csrf.CsrfFilter@20eaeaf8, org.springframework.security.web.authentication.logout.LogoutFilter@3b55dd15, org.springframework.security.web.authentication.UsernamePasswordAuthenticationFilter@7f9e8421, org.springframework.security.web.savedrequest.RequestCacheAwareFilter@45658133, org.springframework.security.web.servletapi.SecurityContextHolderAwareRequestFilter@430b2699, org.springframework.security.web.authentication.AnonymousAuthenticationFilter@5792c08c, org.springframework.security.web.session.SessionManagementFilter@7b61bf11, org.springframework.security.web.access.ExceptionTranslationFilter@5b88b8e, org.springframework.security.web.access.intercept.FilterSecurityInterceptor@1a07bf6]
2022-09-12 15:01:15.077  INFO 11417 --- [    Test worker] s.l.service.BoardServiceImplTest         : Started BoardServiceImplTest in 4.193 seconds (JVM running for 5.883)
2022-09-12 15:01:16.163  INFO 11417 --- [    Test worker] s.l.service.BoardServiceImplTest         : FindByName=Board(id=14, title=title, content=content, clickCnt=0, image=image, username=root, date=2022-09-12)
Board(id=15, title=title, content=content, clickCnt=0, image=image, username=root, date=2022-09-12)

]]></system-out>
  <system-err><![CDATA[]]></system-err>
</testsuite>
