<?xml version="1.0" encoding="UTF-8"?>
<testsuite name="swlee.logiclist.PasswordEncTest" tests="1" skipped="0" failures="0" errors="0" timestamp="2022-12-13T03:49:16" hostname="iseog-un-ui-MacBookPro.local" time="0.199">
  <properties/>
  <testcase name="패스워드 암호화 테스트" classname="swlee.logiclist.PasswordEncTest" time="0.199"/>
  <system-out><![CDATA[2022-12-13 12:49:15.971  INFO 88369 --- [    Test worker] .b.t.c.SpringBootTestContextBootstrapper : Neither @ContextConfiguration nor @ContextHierarchy found for test class [swlee.logiclist.PasswordEncTest], using SpringBootContextLoader
2022-12-13 12:49:15.974  INFO 88369 --- [    Test worker] o.s.t.c.support.AbstractContextLoader    : Could not detect default resource locations for test class [swlee.logiclist.PasswordEncTest]: no resource found for suffixes {-context.xml, Context.groovy}.
2022-12-13 12:49:15.974  INFO 88369 --- [    Test worker] t.c.s.AnnotationConfigContextLoaderUtils : Could not detect default configuration classes for test class [swlee.logiclist.PasswordEncTest]: PasswordEncTest does not declare any static, non-private, non-final, nested classes annotated with @Configuration.
2022-12-13 12:49:15.982  INFO 88369 --- [    Test worker] .b.t.c.SpringBootTestContextBootstrapper : Found @SpringBootConfiguration swlee.logiclist.Application for test class swlee.logiclist.PasswordEncTest
2022-12-13 12:49:15.988  INFO 88369 --- [    Test worker] .b.t.c.SpringBootTestContextBootstrapper : Loaded default TestExecutionListener class names from location [META-INF/spring.factories]: [org.springframework.security.test.context.support.WithSecurityContextTestExecutionListener, org.springframework.security.test.context.support.ReactorContextTestExecutionListener, org.springframework.boot.test.autoconfigure.restdocs.RestDocsTestExecutionListener, org.springframework.boot.test.autoconfigure.web.client.MockRestServiceServerResetTestExecutionListener, org.springframework.boot.test.autoconfigure.web.servlet.MockMvcPrintOnlyOnFailureTestExecutionListener, org.springframework.boot.test.autoconfigure.web.servlet.WebDriverTestExecutionListener, org.springframework.boot.test.autoconfigure.webservices.client.MockWebServiceServerTestExecutionListener, org.springframework.boot.test.mock.mockito.MockitoTestExecutionListener, org.springframework.boot.test.mock.mockito.ResetMocksTestExecutionListener, org.springframework.test.context.web.ServletTestExecutionListener, org.springframework.test.context.support.DirtiesContextBeforeModesTestExecutionListener, org.springframework.test.context.event.ApplicationEventsTestExecutionListener, org.springframework.test.context.support.DependencyInjectionTestExecutionListener, org.springframework.test.context.support.DirtiesContextTestExecutionListener, org.springframework.test.context.transaction.TransactionalTestExecutionListener, org.springframework.test.context.jdbc.SqlScriptsTestExecutionListener, org.springframework.test.context.event.EventPublishingTestExecutionListener]
2022-12-13 12:49:15.989  INFO 88369 --- [    Test worker] .b.t.c.SpringBootTestContextBootstrapper : Using TestExecutionListeners: [org.springframework.test.context.web.ServletTestExecutionListener@687f62a5, org.springframework.test.context.support.DirtiesContextBeforeModesTestExecutionListener@7857cb1d, org.springframework.test.context.event.ApplicationEventsTestExecutionListener@7646c9f5, org.springframework.boot.test.mock.mockito.MockitoTestExecutionListener@7b54a0a4, org.springframework.boot.test.autoconfigure.SpringBootDependencyInjectionTestExecutionListener@682d9f21, org.springframework.test.context.support.DirtiesContextTestExecutionListener@2e64ae1a, org.springframework.test.context.transaction.TransactionalTestExecutionListener@6eadd342, org.springframework.test.context.jdbc.SqlScriptsTestExecutionListener@30a20fb3, org.springframework.security.test.context.support.WithSecurityContextTestExecutionListener@34f24a11, org.springframework.test.context.event.EventPublishingTestExecutionListener@3f6d36eb, org.springframework.security.test.context.support.ReactorContextTestExecutionListener@3f5ac587, org.springframework.boot.test.autoconfigure.restdocs.RestDocsTestExecutionListener@1fa58a48, org.springframework.boot.test.autoconfigure.web.client.MockRestServiceServerResetTestExecutionListener@3921e96f, org.springframework.boot.test.autoconfigure.web.servlet.MockMvcPrintOnlyOnFailureTestExecutionListener@6fad5ace, org.springframework.boot.test.autoconfigure.web.servlet.WebDriverTestExecutionListener@632dc41, org.springframework.boot.test.autoconfigure.webservices.client.MockWebServiceServerTestExecutionListener@35f6f105, org.springframework.boot.test.mock.mockito.ResetMocksTestExecutionListener@3aa1c45]
]]></system-out>
  <system-err><![CDATA[]]></system-err>
</testsuite>
