<?xml version="1.0" encoding="UTF-8"?>
<testsuite name="swlee.logiclist.service.TodoServiceTest" tests="2" skipped="0" failures="0" errors="0" timestamp="2022-12-13T03:49:17" hostname="iseog-un-ui-MacBookPro.local" time="0.082">
  <properties/>
  <testcase name="getMemoryTodoList()" classname="swlee.logiclist.service.TodoServiceTest" time="0.056"/>
  <testcase name="upload()" classname="swlee.logiclist.service.TodoServiceTest" time="0.022"/>
  <system-out><![CDATA[2022-12-13 12:49:17.503  INFO 88369 --- [    Test worker] .b.t.c.SpringBootTestContextBootstrapper : Neither @ContextConfiguration nor @ContextHierarchy found for test class [swlee.logiclist.service.TodoServiceTest], using SpringBootContextLoader
2022-12-13 12:49:17.505  INFO 88369 --- [    Test worker] o.s.t.c.support.AbstractContextLoader    : Could not detect default resource locations for test class [swlee.logiclist.service.TodoServiceTest]: no resource found for suffixes {-context.xml, Context.groovy}.
2022-12-13 12:49:17.505  INFO 88369 --- [    Test worker] t.c.s.AnnotationConfigContextLoaderUtils : Could not detect default configuration classes for test class [swlee.logiclist.service.TodoServiceTest]: TodoServiceTest does not declare any static, non-private, non-final, nested classes annotated with @Configuration.
2022-12-13 12:49:17.510  INFO 88369 --- [    Test worker] .b.t.c.SpringBootTestContextBootstrapper : Found @SpringBootConfiguration swlee.logiclist.Application for test class swlee.logiclist.service.TodoServiceTest
2022-12-13 12:49:17.512  INFO 88369 --- [    Test worker] .b.t.c.SpringBootTestContextBootstrapper : Loaded default TestExecutionListener class names from location [META-INF/spring.factories]: [org.springframework.security.test.context.support.WithSecurityContextTestExecutionListener, org.springframework.security.test.context.support.ReactorContextTestExecutionListener, org.springframework.boot.test.autoconfigure.restdocs.RestDocsTestExecutionListener, org.springframework.boot.test.autoconfigure.web.client.MockRestServiceServerResetTestExecutionListener, org.springframework.boot.test.autoconfigure.web.servlet.MockMvcPrintOnlyOnFailureTestExecutionListener, org.springframework.boot.test.autoconfigure.web.servlet.WebDriverTestExecutionListener, org.springframework.boot.test.autoconfigure.webservices.client.MockWebServiceServerTestExecutionListener, org.springframework.boot.test.mock.mockito.MockitoTestExecutionListener, org.springframework.boot.test.mock.mockito.ResetMocksTestExecutionListener, org.springframework.test.context.web.ServletTestExecutionListener, org.springframework.test.context.support.DirtiesContextBeforeModesTestExecutionListener, org.springframework.test.context.event.ApplicationEventsTestExecutionListener, org.springframework.test.context.support.DependencyInjectionTestExecutionListener, org.springframework.test.context.support.DirtiesContextTestExecutionListener, org.springframework.test.context.transaction.TransactionalTestExecutionListener, org.springframework.test.context.jdbc.SqlScriptsTestExecutionListener, org.springframework.test.context.event.EventPublishingTestExecutionListener]
2022-12-13 12:49:17.513  INFO 88369 --- [    Test worker] .b.t.c.SpringBootTestContextBootstrapper : Using TestExecutionListeners: [org.springframework.test.context.web.ServletTestExecutionListener@1c681761, org.springframework.test.context.support.DirtiesContextBeforeModesTestExecutionListener@411933, org.springframework.test.context.event.ApplicationEventsTestExecutionListener@393e7546, org.springframework.boot.test.mock.mockito.MockitoTestExecutionListener@6b43b101, org.springframework.boot.test.autoconfigure.SpringBootDependencyInjectionTestExecutionListener@37cc6017, org.springframework.test.context.support.DirtiesContextTestExecutionListener@3fcc7f5c, org.springframework.test.context.transaction.TransactionalTestExecutionListener@7512a9a6, org.springframework.test.context.jdbc.SqlScriptsTestExecutionListener@32fd5bc, org.springframework.security.test.context.support.WithSecurityContextTestExecutionListener@5737d116, org.springframework.test.context.event.EventPublishingTestExecutionListener@b5d7233, org.springframework.security.test.context.support.ReactorContextTestExecutionListener@6be2b567, org.springframework.boot.test.autoconfigure.restdocs.RestDocsTestExecutionListener@169d1f92, org.springframework.boot.test.autoconfigure.web.client.MockRestServiceServerResetTestExecutionListener@7fcbc336, org.springframework.boot.test.autoconfigure.web.servlet.MockMvcPrintOnlyOnFailureTestExecutionListener@1fe7fa16, org.springframework.boot.test.autoconfigure.web.servlet.WebDriverTestExecutionListener@61503d00, org.springframework.boot.test.autoconfigure.webservices.client.MockWebServiceServerTestExecutionListener@1fcfcf37, org.springframework.boot.test.mock.mockito.ResetMocksTestExecutionListener@3ebc6d8b]
2022-12-13 12:49:17.526  INFO 88369 --- [    Test worker] swlee.logiclist.service.TodoService      : RemoveTodoList_ADD::todo2
2022-12-13 12:49:17.564  INFO 88369 --- [    Test worker] s.logiclist.repository.TodoRepository    : Todo Save Success
todo1
Tue Dec 13 12:49:17 KST 2022
todo3
Tue Dec 13 12:49:17 KST 2022
todo4
Tue Dec 13 12:49:17 KST 2022
todo5
Tue Dec 13 12:49:17 KST 2022
2022-12-13 12:49:17.603  INFO 88369 --- [    Test worker] s.logiclist.repository.TodoRepository    : Todo Save Success
]]></system-out>
  <system-err><![CDATA[]]></system-err>
</testsuite>
