<?xml version="1.0" encoding="UTF-8"?>
<testsuite name="swlee.logiclist.service.BoardServiceImplTest" tests="1" skipped="0" failures="0" errors="0" timestamp="2022-09-11T16:04:15" hostname="iseog-un-ui-MacBookPro.local" time="0.808">
  <properties/>
  <testcase name="findByName()" classname="swlee.logiclist.service.BoardServiceImplTest" time="0.808"/>
  <system-out><![CDATA[01:04:11.309 [Test worker] DEBUG org.springframework.test.context.BootstrapUtils - Instantiating CacheAwareContextLoaderDelegate from class [org.springframework.test.context.cache.DefaultCacheAwareContextLoaderDelegate]
01:04:11.319 [Test worker] DEBUG org.springframework.test.context.BootstrapUtils - Instantiating BootstrapContext using constructor [public org.springframework.test.context.support.DefaultBootstrapContext(java.lang.Class,org.springframework.test.context.CacheAwareContextLoaderDelegate)]
01:04:11.365 [Test worker] DEBUG org.springframework.test.context.BootstrapUtils - Instantiating TestContextBootstrapper for test class [swlee.logiclist.service.BoardServiceImplTest] from class [org.springframework.boot.test.context.SpringBootTestContextBootstrapper]
01:04:11.377 [Test worker] INFO org.springframework.boot.test.context.SpringBootTestContextBootstrapper - Neither @ContextConfiguration nor @ContextHierarchy found for test class [swlee.logiclist.service.BoardServiceImplTest], using SpringBootContextLoader
01:04:11.380 [Test worker] DEBUG org.springframework.test.context.support.AbstractContextLoader - Did not detect default resource location for test class [swlee.logiclist.service.BoardServiceImplTest]: class path resource [swlee/logiclist/service/BoardServiceImplTest-context.xml] does not exist
01:04:11.380 [Test worker] DEBUG org.springframework.test.context.support.AbstractContextLoader - Did not detect default resource location for test class [swlee.logiclist.service.BoardServiceImplTest]: class path resource [swlee/logiclist/service/BoardServiceImplTestContext.groovy] does not exist
01:04:11.380 [Test worker] INFO org.springframework.test.context.support.AbstractContextLoader - Could not detect default resource locations for test class [swlee.logiclist.service.BoardServiceImplTest]: no resource found for suffixes {-context.xml, Context.groovy}.
01:04:11.381 [Test worker] INFO org.springframework.test.context.support.AnnotationConfigContextLoaderUtils - Could not detect default configuration classes for test class [swlee.logiclist.service.BoardServiceImplTest]: BoardServiceImplTest does not declare any static, non-private, non-final, nested classes annotated with @Configuration.
01:04:11.436 [Test worker] DEBUG org.springframework.test.context.support.ActiveProfilesUtils - Could not find an 'annotation declaring class' for annotation type [org.springframework.test.context.ActiveProfiles] and class [swlee.logiclist.service.BoardServiceImplTest]
01:04:11.525 [Test worker] DEBUG org.springframework.context.annotation.ClassPathScanningCandidateComponentProvider - Identified candidate component class: file [/Users/leeseokwoon/Documents/GitHub/LogicList/build/classes/java/main/swlee/logiclist/Application.class]
01:04:11.527 [Test worker] INFO org.springframework.boot.test.context.SpringBootTestContextBootstrapper - Found @SpringBootConfiguration swlee.logiclist.Application for test class swlee.logiclist.service.BoardServiceImplTest
01:04:11.636 [Test worker] DEBUG org.springframework.boot.test.context.SpringBootTestContextBootstrapper - @TestExecutionListeners is not present for class [swlee.logiclist.service.BoardServiceImplTest]: using defaults.
01:04:11.637 [Test worker] INFO org.springframework.boot.test.context.SpringBootTestContextBootstrapper - Loaded default TestExecutionListener class names from location [META-INF/spring.factories]: [org.springframework.security.test.context.support.WithSecurityContextTestExecutionListener, org.springframework.security.test.context.support.ReactorContextTestExecutionListener, org.springframework.boot.test.autoconfigure.restdocs.RestDocsTestExecutionListener, org.springframework.boot.test.autoconfigure.web.client.MockRestServiceServerResetTestExecutionListener, org.springframework.boot.test.autoconfigure.web.servlet.MockMvcPrintOnlyOnFailureTestExecutionListener, org.springframework.boot.test.autoconfigure.web.servlet.WebDriverTestExecutionListener, org.springframework.boot.test.autoconfigure.webservices.client.MockWebServiceServerTestExecutionListener, org.springframework.boot.test.mock.mockito.MockitoTestExecutionListener, org.springframework.boot.test.mock.mockito.ResetMocksTestExecutionListener, org.springframework.test.context.web.ServletTestExecutionListener, org.springframework.test.context.support.DirtiesContextBeforeModesTestExecutionListener, org.springframework.test.context.event.ApplicationEventsTestExecutionListener, org.springframework.test.context.support.DependencyInjectionTestExecutionListener, org.springframework.test.context.support.DirtiesContextTestExecutionListener, org.springframework.test.context.transaction.TransactionalTestExecutionListener, org.springframework.test.context.jdbc.SqlScriptsTestExecutionListener, org.springframework.test.context.event.EventPublishingTestExecutionListener]
01:04:11.649 [Test worker] INFO org.springframework.boot.test.context.SpringBootTestContextBootstrapper - Using TestExecutionListeners: [org.springframework.test.context.web.ServletTestExecutionListener@295eaa7c, org.springframework.test.context.support.DirtiesContextBeforeModesTestExecutionListener@3918c187, org.springframework.test.context.event.ApplicationEventsTestExecutionListener@2c88b9fc, org.springframework.boot.test.mock.mockito.MockitoTestExecutionListener@64dafeed, org.springframework.boot.test.autoconfigure.SpringBootDependencyInjectionTestExecutionListener@388ba540, org.springframework.test.context.support.DirtiesContextTestExecutionListener@47605f2f, org.springframework.test.context.transaction.TransactionalTestExecutionListener@2ece4966, org.springframework.test.context.jdbc.SqlScriptsTestExecutionListener@1dd0e7c4, org.springframework.security.test.context.support.WithSecurityContextTestExecutionListener@7894f09b, org.springframework.test.context.event.EventPublishingTestExecutionListener@3d484181, org.springframework.security.test.context.support.ReactorContextTestExecutionListener@6111ba37, org.springframework.boot.test.autoconfigure.restdocs.RestDocsTestExecutionListener@7be58f16, org.springframework.boot.test.autoconfigure.web.client.MockRestServiceServerResetTestExecutionListener@242aa8d9, org.springframework.boot.test.autoconfigure.web.servlet.MockMvcPrintOnlyOnFailureTestExecutionListener@5b11a194, org.springframework.boot.test.autoconfigure.web.servlet.WebDriverTestExecutionListener@37bd68c3, org.springframework.boot.test.autoconfigure.webservices.client.MockWebServiceServerTestExecutionListener@60f7cc1d, org.springframework.boot.test.mock.mockito.ResetMocksTestExecutionListener@11eadcba]
01:04:11.653 [Test worker] DEBUG org.springframework.test.context.support.AbstractDirtiesContextTestExecutionListener - Before test class: context [DefaultTestContext@4e28bdd1 testClass = BoardServiceImplTest, testInstance = [null], testMethod = [null], testException = [null], mergedContextConfiguration = [WebMergedContextConfiguration@53f48368 testClass = BoardServiceImplTest, locations = '{}', classes = '{class swlee.logiclist.Application}', contextInitializerClasses = '[]', activeProfiles = '{}', propertySourceLocations = '{}', propertySourceProperties = '{org.springframework.boot.test.context.SpringBootTestContextBootstrapper=true}', contextCustomizers = set[org.springframework.boot.test.autoconfigure.actuate.metrics.MetricsExportContextCustomizerFactory$DisableMetricExportContextCustomizer@3697186, org.springframework.boot.test.autoconfigure.properties.PropertyMappingContextCustomizer@0, org.springframework.boot.test.autoconfigure.web.servlet.WebDriverContextCustomizerFactory$Customizer@7164ca4c, org.springframework.boot.test.context.filter.ExcludeFilterContextCustomizer@7a220c9a, org.springframework.boot.test.json.DuplicateJsonObjectContextCustomizerFactory$DuplicateJsonObjectContextCustomizer@21ba0741, org.springframework.boot.test.mock.mockito.MockitoContextCustomizer@0, org.springframework.boot.test.web.client.TestRestTemplateContextCustomizer@78d6692f, org.springframework.boot.test.context.SpringBootTestArgs@1, org.springframework.boot.test.context.SpringBootTestWebEnvironment@1e178745], resourceBasePath = 'src/main/webapp', contextLoader = 'org.springframework.boot.test.context.SpringBootContextLoader', parent = [null]], attributes = map['org.springframework.test.context.web.ServletTestExecutionListener.activateListener' -> true]], class annotated with @DirtiesContext [false] with mode [null].

  .   ____          _            __ _ _
 /\\ / ___'_ __ _ _(_)_ __  __ _ \ \ \ \
( ( )\___ | '_ | '_| | '_ \/ _` | \ \ \ \
 \\/  ___)| |_)| | | | | || (_| |  ) ) ) )
  '  |____| .__|_| |_|_| |_\__, | / / / /
 =========|_|==============|___/=/_/_/_/
 :: Spring Boot ::                (v2.7.3)

2022-09-12 01:04:12.114  INFO 10683 --- [    Test worker] s.l.service.BoardServiceImplTest         : Starting BoardServiceImplTest using Java 17.0.4.1 on iseog-un-ui-MacBookPro.local with PID 10683 (started by leeseokwoon in /Users/leeseokwoon/Documents/GitHub/LogicList)
2022-09-12 01:04:12.115  INFO 10683 --- [    Test worker] s.l.service.BoardServiceImplTest         : No active profile set, falling back to 1 default profile: "default"
2022-09-12 01:04:14.186  WARN 10683 --- [    Test worker] .s.s.UserDetailsServiceAutoConfiguration : 

Using generated security password: 2483d1fb-a9e3-4979-801b-dab7dd72b02a

This generated password is for development use only. Your security configuration must be updated before running your application in production.

2022-09-12 01:04:14.452  INFO 10683 --- [    Test worker] o.s.s.web.DefaultSecurityFilterChain     : Will secure any request with [org.springframework.security.web.session.DisableEncodeUrlFilter@65f40689, org.springframework.security.web.context.request.async.WebAsyncManagerIntegrationFilter@29be997f, org.springframework.security.web.context.SecurityContextPersistenceFilter@68f6e55d, org.springframework.security.web.header.HeaderWriterFilter@798256c5, org.springframework.security.web.csrf.CsrfFilter@7d97e06c, org.springframework.security.web.authentication.logout.LogoutFilter@64c781a9, org.springframework.security.web.authentication.UsernamePasswordAuthenticationFilter@4c0e426a, org.springframework.security.web.savedrequest.RequestCacheAwareFilter@3aaa3c39, org.springframework.security.web.servletapi.SecurityContextHolderAwareRequestFilter@65a9ea3c, org.springframework.security.web.authentication.AnonymousAuthenticationFilter@33eb6758, org.springframework.security.web.session.SessionManagementFilter@1d8b0500, org.springframework.security.web.access.ExceptionTranslationFilter@11d045b4, org.springframework.security.web.access.intercept.FilterSecurityInterceptor@46046c06]
2022-09-12 01:04:15.858  INFO 10683 --- [    Test worker] s.l.service.BoardServiceImplTest         : Started BoardServiceImplTest in 4.149 seconds (JVM running for 5.594)
2022-09-12 01:04:16.740  INFO 10683 --- [    Test worker] s.l.service.BoardServiceImplTest         : FindByName=Board(id=3, title=title, content=content, clickCnt=0, image=image, username=root, date=2022-09-12)
Board(id=4, title=title, content=content, clickCnt=0, image=image, username=root, date=2022-09-12)
Board(id=5, title=title, content=content, clickCnt=0, image=image, username=root, date=2022-09-12)
Board(id=6, title=title, content=content, clickCnt=0, image=image, username=root, date=2022-09-12)
Board(id=7, title=title, content=content, clickCnt=0, image=image, username=root, date=2022-09-12)
Board(id=8, title=title, content=content, clickCnt=0, image=image, username=root, date=2022-09-12)
Board(id=9, title=title, content=content, clickCnt=0, image=image, username=root, date=2022-09-12)
Board(id=10, title=title, content=content, clickCnt=0, image=image, username=root, date=2022-09-12)
Board(id=11, title=title, content=content, clickCnt=0, image=image, username=root, date=2022-09-12)
Board(id=12, title=title, content=content, clickCnt=0, image=image, username=root, date=2022-09-12)
Board(id=13, title=title, content=content, clickCnt=0, image=image, username=root, date=2022-09-12)

]]></system-out>
  <system-err><![CDATA[]]></system-err>
</testsuite>
