<?xml version="1.0" encoding="UTF-8"?>
<testsuite name="swlee.logiclist.PasswordEncTest" tests="1" skipped="0" failures="0" errors="0" timestamp="2022-09-11T06:27:56" hostname="iseog-un-ui-MacBookPro.local" time="0.244">
  <properties/>
  <testcase name="enc()" classname="swlee.logiclist.PasswordEncTest" time="0.244"/>
  <system-out><![CDATA[15:27:56.653 [Test worker] INFO swlee.logiclist.PasswordEncTest - Password=$2a$10$Gnk0FK41bLaLEk79L.Qxqumm5A49LBfnOShxFl9EsAlcwrKnPyGDO
]]></system-out>
  <system-err><![CDATA[]]></system-err>
</testsuite>
