<?xml version="1.0" encoding="UTF-8"?>
<testsuite name="swlee.logiclist.PureTest.BoardUpdateTest" tests="1" skipped="0" failures="0" errors="0" timestamp="2022-10-05T06:18:47" hostname="DESKTOP-O5GGEIM" time="0.025">
  <properties/>
  <testcase name="test()" classname="swlee.logiclist.PureTest.BoardUpdateTest" time="0.025"/>
  <system-out><![CDATA[substring = https://logiclist.s3.ap-northeast-2.amazonaws.com/image/1.bmp
]]></system-out>
  <system-err><![CDATA[]]></system-err>
</testsuite>
