<?xml version="1.0" encoding="UTF-8"?>
<testsuite name="swlee.logiclist.utils.S3UploaderServiceTest" tests="1" skipped="0" failures="0" errors="0" timestamp="2022-12-13T03:49:18" hostname="iseog-un-ui-MacBookPro.local" time="0.001">
  <properties/>
  <testcase name="removeS3File()" classname="swlee.logiclist.utils.S3UploaderServiceTest" time="0.001"/>
  <system-out><![CDATA[]]></system-out>
  <system-err><![CDATA[]]></system-err>
</testsuite>
