<?xml version="1.0" encoding="UTF-8"?>
<testsuite name="swlee.logiclist.service.BoardServiceImplTest" tests="1" skipped="0" failures="0" errors="0" timestamp="2022-10-02T06:28:58" hostname="iseog-un-ui-MacBookPro.local" time="0.676">
  <properties/>
  <testcase name="imageFilter()" classname="swlee.logiclist.service.BoardServiceImplTest" time="0.676"/>
  <system-out><![CDATA[15:28:44.327 [Test worker] DEBUG org.springframework.test.context.BootstrapUtils - Instantiating CacheAwareContextLoaderDelegate from class [org.springframework.test.context.cache.DefaultCacheAwareContextLoaderDelegate]
15:28:44.342 [Test worker] DEBUG org.springframework.test.context.BootstrapUtils - Instantiating BootstrapContext using constructor [public org.springframework.test.context.support.DefaultBootstrapContext(java.lang.Class,org.springframework.test.context.CacheAwareContextLoaderDelegate)]
15:28:44.389 [Test worker] DEBUG org.springframework.test.context.BootstrapUtils - Instantiating TestContextBootstrapper for test class [swlee.logiclist.service.BoardServiceImplTest] from class [org.springframework.boot.test.context.SpringBootTestContextBootstrapper]
15:28:44.406 [Test worker] INFO org.springframework.boot.test.context.SpringBootTestContextBootstrapper - Neither @ContextConfiguration nor @ContextHierarchy found for test class [swlee.logiclist.service.BoardServiceImplTest], using SpringBootContextLoader
15:28:44.410 [Test worker] DEBUG org.springframework.test.context.support.AbstractContextLoader - Did not detect default resource location for test class [swlee.logiclist.service.BoardServiceImplTest]: class path resource [swlee/logiclist/service/BoardServiceImplTest-context.xml] does not exist
15:28:44.410 [Test worker] DEBUG org.springframework.test.context.support.AbstractContextLoader - Did not detect default resource location for test class [swlee.logiclist.service.BoardServiceImplTest]: class path resource [swlee/logiclist/service/BoardServiceImplTestContext.groovy] does not exist
15:28:44.411 [Test worker] INFO org.springframework.test.context.support.AbstractContextLoader - Could not detect default resource locations for test class [swlee.logiclist.service.BoardServiceImplTest]: no resource found for suffixes {-context.xml, Context.groovy}.
15:28:44.411 [Test worker] INFO org.springframework.test.context.support.AnnotationConfigContextLoaderUtils - Could not detect default configuration classes for test class [swlee.logiclist.service.BoardServiceImplTest]: BoardServiceImplTest does not declare any static, non-private, non-final, nested classes annotated with @Configuration.
15:28:44.485 [Test worker] DEBUG org.springframework.test.context.support.ActiveProfilesUtils - Could not find an 'annotation declaring class' for annotation type [org.springframework.test.context.ActiveProfiles] and class [swlee.logiclist.service.BoardServiceImplTest]
15:28:44.582 [Test worker] DEBUG org.springframework.context.annotation.ClassPathScanningCandidateComponentProvider - Identified candidate component class: file [/Users/leeseokwoon/Documents/GitHub/LogicList/build/classes/java/main/swlee/logiclist/Application.class]
15:28:44.585 [Test worker] INFO org.springframework.boot.test.context.SpringBootTestContextBootstrapper - Found @SpringBootConfiguration swlee.logiclist.Application for test class swlee.logiclist.service.BoardServiceImplTest
15:28:44.695 [Test worker] DEBUG org.springframework.boot.test.context.SpringBootTestContextBootstrapper - @TestExecutionListeners is not present for class [swlee.logiclist.service.BoardServiceImplTest]: using defaults.
15:28:44.696 [Test worker] INFO org.springframework.boot.test.context.SpringBootTestContextBootstrapper - Loaded default TestExecutionListener class names from location [META-INF/spring.factories]: [org.springframework.security.test.context.support.WithSecurityContextTestExecutionListener, org.springframework.security.test.context.support.ReactorContextTestExecutionListener, org.springframework.boot.test.autoconfigure.restdocs.RestDocsTestExecutionListener, org.springframework.boot.test.autoconfigure.web.client.MockRestServiceServerResetTestExecutionListener, org.springframework.boot.test.autoconfigure.web.servlet.MockMvcPrintOnlyOnFailureTestExecutionListener, org.springframework.boot.test.autoconfigure.web.servlet.WebDriverTestExecutionListener, org.springframework.boot.test.autoconfigure.webservices.client.MockWebServiceServerTestExecutionListener, org.springframework.boot.test.mock.mockito.MockitoTestExecutionListener, org.springframework.boot.test.mock.mockito.ResetMocksTestExecutionListener, org.springframework.test.context.web.ServletTestExecutionListener, org.springframework.test.context.support.DirtiesContextBeforeModesTestExecutionListener, org.springframework.test.context.event.ApplicationEventsTestExecutionListener, org.springframework.test.context.support.DependencyInjectionTestExecutionListener, org.springframework.test.context.support.DirtiesContextTestExecutionListener, org.springframework.test.context.transaction.TransactionalTestExecutionListener, org.springframework.test.context.jdbc.SqlScriptsTestExecutionListener, org.springframework.test.context.event.EventPublishingTestExecutionListener]
15:28:44.711 [Test worker] INFO org.springframework.boot.test.context.SpringBootTestContextBootstrapper - Using TestExecutionListeners: [org.springframework.test.context.web.ServletTestExecutionListener@3ce3db41, org.springframework.test.context.support.DirtiesContextBeforeModesTestExecutionListener@64df9a61, org.springframework.test.context.event.ApplicationEventsTestExecutionListener@77602954, org.springframework.boot.test.mock.mockito.MockitoTestExecutionListener@e260766, org.springframework.boot.test.autoconfigure.SpringBootDependencyInjectionTestExecutionListener@2c3dec30, org.springframework.test.context.support.DirtiesContextTestExecutionListener@34a97744, org.springframework.test.context.transaction.TransactionalTestExecutionListener@4275c20c, org.springframework.test.context.jdbc.SqlScriptsTestExecutionListener@7c56e013, org.springframework.security.test.context.support.WithSecurityContextTestExecutionListener@3fc9dfc5, org.springframework.test.context.event.EventPublishingTestExecutionListener@40258c2f, org.springframework.security.test.context.support.ReactorContextTestExecutionListener@2cac4385, org.springframework.boot.test.autoconfigure.restdocs.RestDocsTestExecutionListener@6731787b, org.springframework.boot.test.autoconfigure.web.client.MockRestServiceServerResetTestExecutionListener@16f7b4af, org.springframework.boot.test.autoconfigure.web.servlet.MockMvcPrintOnlyOnFailureTestExecutionListener@7adf16aa, org.springframework.boot.test.autoconfigure.web.servlet.WebDriverTestExecutionListener@34a1d21f, org.springframework.boot.test.autoconfigure.webservices.client.MockWebServiceServerTestExecutionListener@58bf8650, org.springframework.boot.test.mock.mockito.ResetMocksTestExecutionListener@73c60324]
15:28:44.714 [Test worker] DEBUG org.springframework.test.context.support.AbstractDirtiesContextTestExecutionListener - Before test class: context [DefaultTestContext@346939bf testClass = BoardServiceImplTest, testInstance = [null], testMethod = [null], testException = [null], mergedContextConfiguration = [WebMergedContextConfiguration@4bf3798b testClass = BoardServiceImplTest, locations = '{}', classes = '{class swlee.logiclist.Application}', contextInitializerClasses = '[]', activeProfiles = '{}', propertySourceLocations = '{}', propertySourceProperties = '{org.springframework.boot.test.context.SpringBootTestContextBootstrapper=true}', contextCustomizers = set[org.springframework.boot.test.autoconfigure.actuate.metrics.MetricsExportContextCustomizerFactory$DisableMetricExportContextCustomizer@4ff8d125, org.springframework.boot.test.autoconfigure.properties.PropertyMappingContextCustomizer@0, org.springframework.boot.test.autoconfigure.web.servlet.WebDriverContextCustomizerFactory$Customizer@51fadaff, org.springframework.boot.test.context.filter.ExcludeFilterContextCustomizer@67d18ed7, org.springframework.boot.test.json.DuplicateJsonObjectContextCustomizerFactory$DuplicateJsonObjectContextCustomizer@7a67e3c6, org.springframework.boot.test.mock.mockito.MockitoContextCustomizer@0, org.springframework.boot.test.web.client.TestRestTemplateContextCustomizer@6af9fcb2, org.springframework.boot.test.context.SpringBootTestArgs@1, org.springframework.boot.test.context.SpringBootTestWebEnvironment@58ea606c], resourceBasePath = 'src/main/webapp', contextLoader = 'org.springframework.boot.test.context.SpringBootContextLoader', parent = [null]], attributes = map['org.springframework.test.context.web.ServletTestExecutionListener.activateListener' -> true]], class annotated with @DirtiesContext [false] with mode [null].

  .   ____          _            __ _ _
 /\\ / ___'_ __ _ _(_)_ __  __ _ \ \ \ \
( ( )\___ | '_ | '_| | '_ \/ _` | \ \ \ \
 \\/  ___)| |_)| | | | | || (_| |  ) ) ) )
  '  |____| .__|_| |_|_| |_\__, | / / / /
 =========|_|==============|___/=/_/_/_/
 :: Spring Boot ::                (v2.7.3)

2022-10-02 15:28:45.413  INFO 37277 --- [    Test worker] s.l.service.BoardServiceImplTest         : Starting BoardServiceImplTest using Java 18.0.2.1 on iseog-un-ui-MacBookPro.local with PID 37277 (started by leeseokwoon in /Users/leeseokwoon/Documents/GitHub/LogicList)
2022-10-02 15:28:45.415  INFO 37277 --- [    Test worker] s.l.service.BoardServiceImplTest         : The following 2 profiles are active: "local", "common"
2022-10-02 15:28:54.705  INFO 37277 --- [    Test worker] trationDelegate$BeanPostProcessorChecker : Bean '(inner bean)#45c9b3' of type [com.amazonaws.auth.EC2ContainerCredentialsProviderWrapper] is not eligible for getting processed by all BeanPostProcessors (for example: not eligible for auto-proxying)
2022-10-02 15:28:54.723  INFO 37277 --- [    Test worker] trationDelegate$BeanPostProcessorChecker : Bean '(inner bean)#1943c1f2' of type [com.amazonaws.auth.profile.ProfileCredentialsProvider] is not eligible for getting processed by all BeanPostProcessors (for example: not eligible for auto-proxying)
2022-10-02 15:28:54.750  INFO 37277 --- [    Test worker] trationDelegate$BeanPostProcessorChecker : Bean 'credentialsProvider' of type [org.springframework.cloud.aws.core.credentials.CredentialsProviderFactoryBean] is not eligible for getting processed by all BeanPostProcessors (for example: not eligible for auto-proxying)
2022-10-02 15:28:54.751  INFO 37277 --- [    Test worker] trationDelegate$BeanPostProcessorChecker : Bean 'credentialsProvider' of type [com.amazonaws.auth.AWSCredentialsProviderChain] is not eligible for getting processed by all BeanPostProcessors (for example: not eligible for auto-proxying)
environment = local
2022-10-02 15:28:56.343  INFO 37277 --- [    Test worker] o.s.s.web.DefaultSecurityFilterChain     : Will secure any request with [org.springframework.security.web.session.DisableEncodeUrlFilter@6a4af081, org.springframework.security.web.context.request.async.WebAsyncManagerIntegrationFilter@36b53f08, org.springframework.security.web.context.SecurityContextPersistenceFilter@2b9aeedb, org.springframework.security.web.header.HeaderWriterFilter@2c579202, org.springframework.security.web.authentication.logout.LogoutFilter@1a0f349, org.springframework.security.web.authentication.UsernamePasswordAuthenticationFilter@11e834ad, org.springframework.security.web.savedrequest.RequestCacheAwareFilter@59a09be, org.springframework.security.web.servletapi.SecurityContextHolderAwareRequestFilter@790ac3e0, org.springframework.security.web.authentication.AnonymousAuthenticationFilter@54329480, org.springframework.security.web.session.SessionManagementFilter@75ed125a, org.springframework.security.web.access.ExceptionTranslationFilter@5cf0673d, org.springframework.security.web.access.intercept.FilterSecurityInterceptor@30ec211a]
2022-10-02 15:28:58.294  INFO 37277 --- [    Test worker] s.l.service.BoardServiceImplTest         : Started BoardServiceImplTest in 13.522 seconds (JVM running for 15.064)

(https://logiclist.s3.ap-northeast-2.amazonaws.com/image/96844d74-08ed-451d-a19f-c4119d650980ae51cecf-5ee5-4c77-a0a3-9963863e6d22.png)ㅂㅈㄷㅂㅈㄷㅈ
(https://logiclist.s3.ap-northeast-2.amazonaws.com/image/a935cce8-0f4c-4982-8b5e-0e3e49026c4a299a3e03-d58b-4939-ba9f-c3f9819f5c29.png)qwe
]]></system-out>
  <system-err><![CDATA[]]></system-err>
</testsuite>
