<?xml version="1.0" encoding="UTF-8"?>
<testsuite name="swlee.logiclist.repository.UserRepositoryImplTest" tests="2" skipped="0" failures="0" errors="0" timestamp="2022-12-13T03:49:16" hostname="iseog-un-ui-MacBookPro.local" time="0.251">
  <properties/>
  <testcase name="findByName()" classname="swlee.logiclist.repository.UserRepositoryImplTest" time="0.211"/>
  <testcase name="save()" classname="swlee.logiclist.repository.UserRepositoryImplTest" time="0.036"/>
  <system-out><![CDATA[2022-12-13 12:49:16.228  INFO 88369 --- [    Test worker] .b.t.c.SpringBootTestContextBootstrapper : Neither @ContextConfiguration nor @ContextHierarchy found for test class [swlee.logiclist.repository.UserRepositoryImplTest], using SpringBootContextLoader
2022-12-13 12:49:16.230  INFO 88369 --- [    Test worker] o.s.t.c.support.AbstractContextLoader    : Could not detect default resource locations for test class [swlee.logiclist.repository.UserRepositoryImplTest]: no resource found for suffixes {-context.xml, Context.groovy}.
2022-12-13 12:49:16.230  INFO 88369 --- [    Test worker] t.c.s.AnnotationConfigContextLoaderUtils : Could not detect default configuration classes for test class [swlee.logiclist.repository.UserRepositoryImplTest]: UserRepositoryImplTest does not declare any static, non-private, non-final, nested classes annotated with @Configuration.
2022-12-13 12:49:16.261  INFO 88369 --- [    Test worker] .b.t.c.SpringBootTestContextBootstrapper : Found @SpringBootConfiguration swlee.logiclist.Application for test class swlee.logiclist.repository.UserRepositoryImplTest
2022-12-13 12:49:16.269  INFO 88369 --- [    Test worker] .b.t.c.SpringBootTestContextBootstrapper : Loaded default TestExecutionListener class names from location [META-INF/spring.factories]: [org.springframework.security.test.context.support.WithSecurityContextTestExecutionListener, org.springframework.security.test.context.support.ReactorContextTestExecutionListener, org.springframework.boot.test.autoconfigure.restdocs.RestDocsTestExecutionListener, org.springframework.boot.test.autoconfigure.web.client.MockRestServiceServerResetTestExecutionListener, org.springframework.boot.test.autoconfigure.web.servlet.MockMvcPrintOnlyOnFailureTestExecutionListener, org.springframework.boot.test.autoconfigure.web.servlet.WebDriverTestExecutionListener, org.springframework.boot.test.autoconfigure.webservices.client.MockWebServiceServerTestExecutionListener, org.springframework.boot.test.mock.mockito.MockitoTestExecutionListener, org.springframework.boot.test.mock.mockito.ResetMocksTestExecutionListener, org.springframework.test.context.web.ServletTestExecutionListener, org.springframework.test.context.support.DirtiesContextBeforeModesTestExecutionListener, org.springframework.test.context.event.ApplicationEventsTestExecutionListener, org.springframework.test.context.support.DependencyInjectionTestExecutionListener, org.springframework.test.context.support.DirtiesContextTestExecutionListener, org.springframework.test.context.transaction.TransactionalTestExecutionListener, org.springframework.test.context.jdbc.SqlScriptsTestExecutionListener, org.springframework.test.context.event.EventPublishingTestExecutionListener]
2022-12-13 12:49:16.270  INFO 88369 --- [    Test worker] .b.t.c.SpringBootTestContextBootstrapper : Using TestExecutionListeners: [org.springframework.test.context.web.ServletTestExecutionListener@1c23e369, org.springframework.test.context.support.DirtiesContextBeforeModesTestExecutionListener@38445703, org.springframework.test.context.event.ApplicationEventsTestExecutionListener@44ae6b66, org.springframework.boot.test.mock.mockito.MockitoTestExecutionListener@5b0e5d5f, org.springframework.boot.test.autoconfigure.SpringBootDependencyInjectionTestExecutionListener@58b5d5fc, org.springframework.test.context.support.DirtiesContextTestExecutionListener@42536da6, org.springframework.test.context.transaction.TransactionalTestExecutionListener@7591cbd1, org.springframework.test.context.jdbc.SqlScriptsTestExecutionListener@5cdc8499, org.springframework.security.test.context.support.WithSecurityContextTestExecutionListener@2a30b0cb, org.springframework.test.context.event.EventPublishingTestExecutionListener@73d7d676, org.springframework.security.test.context.support.ReactorContextTestExecutionListener@8e3449e, org.springframework.boot.test.autoconfigure.restdocs.RestDocsTestExecutionListener@3023f157, org.springframework.boot.test.autoconfigure.web.client.MockRestServiceServerResetTestExecutionListener@1f3aa970, org.springframework.boot.test.autoconfigure.web.servlet.MockMvcPrintOnlyOnFailureTestExecutionListener@5213b887, org.springframework.boot.test.autoconfigure.web.servlet.WebDriverTestExecutionListener@40c6d1ef, org.springframework.boot.test.autoconfigure.webservices.client.MockWebServiceServerTestExecutionListener@6f4029e9, org.springframework.boot.test.mock.mockito.ResetMocksTestExecutionListener@257b6c58]
2022-12-13 12:49:16.480  INFO 88369 --- [    Test worker] s.l.repository.UserRepositoryImplTest    : Find User =USER_B
]]></system-out>
  <system-err><![CDATA[]]></system-err>
</testsuite>
