<?xml version="1.0" encoding="UTF-8"?>
<testsuite name="swlee.logiclist.service.BoardServiceImplTest" tests="8" skipped="0" failures="0" errors="0" timestamp="2022-12-13T03:49:16" hostname="iseog-un-ui-MacBookPro.local" time="0.873">
  <properties/>
  <testcase name="delete()" classname="swlee.logiclist.service.BoardServiceImplTest" time="0.028"/>
  <testcase name="임의데이터생성하기()" classname="swlee.logiclist.service.BoardServiceImplTest" time="0.612"/>
  <testcase name="update()" classname="swlee.logiclist.service.BoardServiceImplTest" time="0.045"/>
  <testcase name="update_test()" classname="swlee.logiclist.service.BoardServiceImplTest" time="0.017"/>
  <testcase name="findByName()" classname="swlee.logiclist.service.BoardServiceImplTest" time="0.044"/>
  <testcase name="save()" classname="swlee.logiclist.service.BoardServiceImplTest" time="0.033"/>
  <testcase name="findByOrder()" classname="swlee.logiclist.service.BoardServiceImplTest" time="0.056"/>
  <testcase name="imageFilter()" classname="swlee.logiclist.service.BoardServiceImplTest" time="0.016"/>
  <system-out><![CDATA[2022-12-13 12:49:16.587  INFO 88369 --- [    Test worker] .b.t.c.SpringBootTestContextBootstrapper : Neither @ContextConfiguration nor @ContextHierarchy found for test class [swlee.logiclist.service.BoardServiceImplTest], using SpringBootContextLoader
2022-12-13 12:49:16.589  INFO 88369 --- [    Test worker] o.s.t.c.support.AbstractContextLoader    : Could not detect default resource locations for test class [swlee.logiclist.service.BoardServiceImplTest]: no resource found for suffixes {-context.xml, Context.groovy}.
2022-12-13 12:49:16.589  INFO 88369 --- [    Test worker] t.c.s.AnnotationConfigContextLoaderUtils : Could not detect default configuration classes for test class [swlee.logiclist.service.BoardServiceImplTest]: BoardServiceImplTest does not declare any static, non-private, non-final, nested classes annotated with @Configuration.
2022-12-13 12:49:16.602  INFO 88369 --- [    Test worker] .b.t.c.SpringBootTestContextBootstrapper : Found @SpringBootConfiguration swlee.logiclist.Application for test class swlee.logiclist.service.BoardServiceImplTest
2022-12-13 12:49:16.608  INFO 88369 --- [    Test worker] .b.t.c.SpringBootTestContextBootstrapper : Loaded default TestExecutionListener class names from location [META-INF/spring.factories]: [org.springframework.security.test.context.support.WithSecurityContextTestExecutionListener, org.springframework.security.test.context.support.ReactorContextTestExecutionListener, org.springframework.boot.test.autoconfigure.restdocs.RestDocsTestExecutionListener, org.springframework.boot.test.autoconfigure.web.client.MockRestServiceServerResetTestExecutionListener, org.springframework.boot.test.autoconfigure.web.servlet.MockMvcPrintOnlyOnFailureTestExecutionListener, org.springframework.boot.test.autoconfigure.web.servlet.WebDriverTestExecutionListener, org.springframework.boot.test.autoconfigure.webservices.client.MockWebServiceServerTestExecutionListener, org.springframework.boot.test.mock.mockito.MockitoTestExecutionListener, org.springframework.boot.test.mock.mockito.ResetMocksTestExecutionListener, org.springframework.test.context.web.ServletTestExecutionListener, org.springframework.test.context.support.DirtiesContextBeforeModesTestExecutionListener, org.springframework.test.context.event.ApplicationEventsTestExecutionListener, org.springframework.test.context.support.DependencyInjectionTestExecutionListener, org.springframework.test.context.support.DirtiesContextTestExecutionListener, org.springframework.test.context.transaction.TransactionalTestExecutionListener, org.springframework.test.context.jdbc.SqlScriptsTestExecutionListener, org.springframework.test.context.event.EventPublishingTestExecutionListener]
2022-12-13 12:49:16.609  INFO 88369 --- [    Test worker] .b.t.c.SpringBootTestContextBootstrapper : Using TestExecutionListeners: [org.springframework.test.context.web.ServletTestExecutionListener@71b7e9c8, org.springframework.test.context.support.DirtiesContextBeforeModesTestExecutionListener@55202ba6, org.springframework.test.context.event.ApplicationEventsTestExecutionListener@2ef1fc8a, org.springframework.boot.test.mock.mockito.MockitoTestExecutionListener@38874eb5, org.springframework.boot.test.autoconfigure.SpringBootDependencyInjectionTestExecutionListener@76b019c4, org.springframework.test.context.support.DirtiesContextTestExecutionListener@221961af, org.springframework.test.context.transaction.TransactionalTestExecutionListener@32ddcca, org.springframework.test.context.jdbc.SqlScriptsTestExecutionListener@1ddc8fc, org.springframework.security.test.context.support.WithSecurityContextTestExecutionListener@77d58f3a, org.springframework.test.context.event.EventPublishingTestExecutionListener@1e288c76, org.springframework.security.test.context.support.ReactorContextTestExecutionListener@738ed8f5, org.springframework.boot.test.autoconfigure.restdocs.RestDocsTestExecutionListener@1cfb7450, org.springframework.boot.test.autoconfigure.web.client.MockRestServiceServerResetTestExecutionListener@478c84aa, org.springframework.boot.test.autoconfigure.web.servlet.MockMvcPrintOnlyOnFailureTestExecutionListener@1d1deb11, org.springframework.boot.test.autoconfigure.web.servlet.WebDriverTestExecutionListener@18d1d137, org.springframework.boot.test.autoconfigure.webservices.client.MockWebServiceServerTestExecutionListener@5f4f6f89, org.springframework.boot.test.mock.mockito.ResetMocksTestExecutionListener@7c45191e]
2022-12-13 12:49:17.329  INFO 88369 --- [    Test worker] s.l.service.BoardServiceImplTest         : s = ![](
2022-12-13 12:49:17.330  INFO 88369 --- [    Test worker] s.l.service.BoardServiceImplTest         : s = 258dab66-f537-42f3-aec6-f1e79a5c44f0474db10e-10e4-433a-a374-83b03a1d0dd5.bmp)
test입니다

2022-12-13 12:49:17.355  INFO 88369 --- [    Test worker] s.l.repository.BoardRepositoryImpl       : start : 0
2022-12-13 12:49:17.370  INFO 88369 --- [    Test worker] s.l.repository.BoardRepositoryImpl       : findBoard : []
2022-12-13 12:49:17.371  INFO 88369 --- [    Test worker] s.l.service.BoardServiceImplTest         : FindByName=
2022-12-13 12:49:17.457  INFO 88369 --- [    Test worker] s.l.service.BoardServiceImplTest         : FindByOrder=Board(id=1038, title=title, content=content, clickCnt=0, image=image, username=root, date=2022-12-13)
Board(id=1037, title=title, content=content, clickCnt=0, image=image, username=root, date=2022-12-13)
Board(id=1036, title=title, content=content, clickCnt=0, image=image, username=root, date=2022-12-13)


(https://logiclist.s3.ap-northeast-2.amazonaws.com/image/96844d74-08ed-451d-a19f-c4119d650980ae51cecf-5ee5-4c77-a0a3-9963863e6d22.png)ㅂㅈㄷㅂㅈㄷㅈ
(https://logiclist.s3.ap-northeast-2.amazonaws.com/image/a935cce8-0f4c-4982-8b5e-0e3e49026c4a299a3e03-d58b-4939-ba9f-c3f9819f5c29.png)qwe
]]></system-out>
  <system-err><![CDATA[]]></system-err>
</testsuite>
