<?xml version="1.0" encoding="UTF-8"?>
<testsuite name="swlee.logiclist.service.BoardServiceImplTest" tests="1" skipped="0" failures="0" errors="0" timestamp="2022-09-24T10:30:45" hostname="iseog-un-ui-MacBookPro.local" time="0.556">
  <properties/>
  <testcase name="findByName()" classname="swlee.logiclist.service.BoardServiceImplTest" time="0.556"/>
  <system-out><![CDATA[19:30:32.053 [Test worker] DEBUG org.springframework.test.context.BootstrapUtils - Instantiating CacheAwareContextLoaderDelegate from class [org.springframework.test.context.cache.DefaultCacheAwareContextLoaderDelegate]
19:30:32.063 [Test worker] DEBUG org.springframework.test.context.BootstrapUtils - Instantiating BootstrapContext using constructor [public org.springframework.test.context.support.DefaultBootstrapContext(java.lang.Class,org.springframework.test.context.CacheAwareContextLoaderDelegate)]
19:30:32.108 [Test worker] DEBUG org.springframework.test.context.BootstrapUtils - Instantiating TestContextBootstrapper for test class [swlee.logiclist.service.BoardServiceImplTest] from class [org.springframework.boot.test.context.SpringBootTestContextBootstrapper]
19:30:32.120 [Test worker] INFO org.springframework.boot.test.context.SpringBootTestContextBootstrapper - Neither @ContextConfiguration nor @ContextHierarchy found for test class [swlee.logiclist.service.BoardServiceImplTest], using SpringBootContextLoader
19:30:32.123 [Test worker] DEBUG org.springframework.test.context.support.AbstractContextLoader - Did not detect default resource location for test class [swlee.logiclist.service.BoardServiceImplTest]: class path resource [swlee/logiclist/service/BoardServiceImplTest-context.xml] does not exist
19:30:32.124 [Test worker] DEBUG org.springframework.test.context.support.AbstractContextLoader - Did not detect default resource location for test class [swlee.logiclist.service.BoardServiceImplTest]: class path resource [swlee/logiclist/service/BoardServiceImplTestContext.groovy] does not exist
19:30:32.124 [Test worker] INFO org.springframework.test.context.support.AbstractContextLoader - Could not detect default resource locations for test class [swlee.logiclist.service.BoardServiceImplTest]: no resource found for suffixes {-context.xml, Context.groovy}.
19:30:32.125 [Test worker] INFO org.springframework.test.context.support.AnnotationConfigContextLoaderUtils - Could not detect default configuration classes for test class [swlee.logiclist.service.BoardServiceImplTest]: BoardServiceImplTest does not declare any static, non-private, non-final, nested classes annotated with @Configuration.
19:30:32.187 [Test worker] DEBUG org.springframework.test.context.support.ActiveProfilesUtils - Could not find an 'annotation declaring class' for annotation type [org.springframework.test.context.ActiveProfiles] and class [swlee.logiclist.service.BoardServiceImplTest]
19:30:32.281 [Test worker] DEBUG org.springframework.context.annotation.ClassPathScanningCandidateComponentProvider - Identified candidate component class: file [/Users/leeseokwoon/Documents/GitHub/LogicList/build/classes/java/main/swlee/logiclist/Application.class]
19:30:32.283 [Test worker] INFO org.springframework.boot.test.context.SpringBootTestContextBootstrapper - Found @SpringBootConfiguration swlee.logiclist.Application for test class swlee.logiclist.service.BoardServiceImplTest
19:30:32.407 [Test worker] DEBUG org.springframework.boot.test.context.SpringBootTestContextBootstrapper - @TestExecutionListeners is not present for class [swlee.logiclist.service.BoardServiceImplTest]: using defaults.
19:30:32.408 [Test worker] INFO org.springframework.boot.test.context.SpringBootTestContextBootstrapper - Loaded default TestExecutionListener class names from location [META-INF/spring.factories]: [org.springframework.security.test.context.support.WithSecurityContextTestExecutionListener, org.springframework.security.test.context.support.ReactorContextTestExecutionListener, org.springframework.boot.test.autoconfigure.restdocs.RestDocsTestExecutionListener, org.springframework.boot.test.autoconfigure.web.client.MockRestServiceServerResetTestExecutionListener, org.springframework.boot.test.autoconfigure.web.servlet.MockMvcPrintOnlyOnFailureTestExecutionListener, org.springframework.boot.test.autoconfigure.web.servlet.WebDriverTestExecutionListener, org.springframework.boot.test.autoconfigure.webservices.client.MockWebServiceServerTestExecutionListener, org.springframework.boot.test.mock.mockito.MockitoTestExecutionListener, org.springframework.boot.test.mock.mockito.ResetMocksTestExecutionListener, org.springframework.test.context.web.ServletTestExecutionListener, org.springframework.test.context.support.DirtiesContextBeforeModesTestExecutionListener, org.springframework.test.context.event.ApplicationEventsTestExecutionListener, org.springframework.test.context.support.DependencyInjectionTestExecutionListener, org.springframework.test.context.support.DirtiesContextTestExecutionListener, org.springframework.test.context.transaction.TransactionalTestExecutionListener, org.springframework.test.context.jdbc.SqlScriptsTestExecutionListener, org.springframework.test.context.event.EventPublishingTestExecutionListener]
19:30:32.420 [Test worker] INFO org.springframework.boot.test.context.SpringBootTestContextBootstrapper - Using TestExecutionListeners: [org.springframework.test.context.web.ServletTestExecutionListener@f27ea3, org.springframework.test.context.support.DirtiesContextBeforeModesTestExecutionListener@1ce61929, org.springframework.test.context.event.ApplicationEventsTestExecutionListener@346939bf, org.springframework.boot.test.mock.mockito.MockitoTestExecutionListener@4bf3798b, org.springframework.boot.test.autoconfigure.SpringBootDependencyInjectionTestExecutionListener@58670130, org.springframework.test.context.support.DirtiesContextTestExecutionListener@74e47444, org.springframework.test.context.transaction.TransactionalTestExecutionListener@9bd0fa6, org.springframework.test.context.jdbc.SqlScriptsTestExecutionListener@59d2103b, org.springframework.security.test.context.support.WithSecurityContextTestExecutionListener@39dcf4b0, org.springframework.test.context.event.EventPublishingTestExecutionListener@6e4de19b, org.springframework.security.test.context.support.ReactorContextTestExecutionListener@f6c03cb, org.springframework.boot.test.autoconfigure.restdocs.RestDocsTestExecutionListener@46f699d5, org.springframework.boot.test.autoconfigure.web.client.MockRestServiceServerResetTestExecutionListener@18518ccf, org.springframework.boot.test.autoconfigure.web.servlet.MockMvcPrintOnlyOnFailureTestExecutionListener@1991f767, org.springframework.boot.test.autoconfigure.web.servlet.WebDriverTestExecutionListener@768ccdc5, org.springframework.boot.test.autoconfigure.webservices.client.MockWebServiceServerTestExecutionListener@4c6daf0, org.springframework.boot.test.mock.mockito.ResetMocksTestExecutionListener@10650953]
19:30:32.424 [Test worker] DEBUG org.springframework.test.context.support.AbstractDirtiesContextTestExecutionListener - Before test class: context [DefaultTestContext@b40bb6e testClass = BoardServiceImplTest, testInstance = [null], testMethod = [null], testException = [null], mergedContextConfiguration = [WebMergedContextConfiguration@3a94964 testClass = BoardServiceImplTest, locations = '{}', classes = '{class swlee.logiclist.Application}', contextInitializerClasses = '[]', activeProfiles = '{}', propertySourceLocations = '{}', propertySourceProperties = '{org.springframework.boot.test.context.SpringBootTestContextBootstrapper=true}', contextCustomizers = set[org.springframework.boot.test.autoconfigure.actuate.metrics.MetricsExportContextCustomizerFactory$DisableMetricExportContextCustomizer@b4711e2, org.springframework.boot.test.autoconfigure.properties.PropertyMappingContextCustomizer@0, org.springframework.boot.test.autoconfigure.web.servlet.WebDriverContextCustomizerFactory$Customizer@74589991, org.springframework.boot.test.context.filter.ExcludeFilterContextCustomizer@1869fbd2, org.springframework.boot.test.json.DuplicateJsonObjectContextCustomizerFactory$DuplicateJsonObjectContextCustomizer@ca30bc1, org.springframework.boot.test.mock.mockito.MockitoContextCustomizer@0, org.springframework.boot.test.web.client.TestRestTemplateContextCustomizer@66c61024, org.springframework.boot.test.context.SpringBootTestArgs@1, org.springframework.boot.test.context.SpringBootTestWebEnvironment@d21a74c], resourceBasePath = 'src/main/webapp', contextLoader = 'org.springframework.boot.test.context.SpringBootContextLoader', parent = [null]], attributes = map['org.springframework.test.context.web.ServletTestExecutionListener.activateListener' -> true]], class annotated with @DirtiesContext [false] with mode [null].

  .   ____          _            __ _ _
 /\\ / ___'_ __ _ _(_)_ __  __ _ \ \ \ \
( ( )\___ | '_ | '_| | '_ \/ _` | \ \ \ \
 \\/  ___)| |_)| | | | | || (_| |  ) ) ) )
  '  |____| .__|_| |_|_| |_\__, | / / / /
 =========|_|==============|___/=/_/_/_/
 :: Spring Boot ::                (v2.7.3)

2022-09-24 19:30:32.976  INFO 30594 --- [    Test worker] s.l.service.BoardServiceImplTest         : Starting BoardServiceImplTest using Java 17.0.4.1 on iseog-un-ui-MacBookPro.local with PID 30594 (started by leeseokwoon in /Users/leeseokwoon/Documents/GitHub/LogicList)
2022-09-24 19:30:32.979  INFO 30594 --- [    Test worker] s.l.service.BoardServiceImplTest         : The following 2 profiles are active: "local", "common"
2022-09-24 19:30:42.300  INFO 30594 --- [    Test worker] trationDelegate$BeanPostProcessorChecker : Bean '(inner bean)#f3560d4' of type [com.amazonaws.auth.EC2ContainerCredentialsProviderWrapper] is not eligible for getting processed by all BeanPostProcessors (for example: not eligible for auto-proxying)
2022-09-24 19:30:42.317  INFO 30594 --- [    Test worker] trationDelegate$BeanPostProcessorChecker : Bean '(inner bean)#3f6bf8aa' of type [com.amazonaws.auth.profile.ProfileCredentialsProvider] is not eligible for getting processed by all BeanPostProcessors (for example: not eligible for auto-proxying)
2022-09-24 19:30:42.342  INFO 30594 --- [    Test worker] trationDelegate$BeanPostProcessorChecker : Bean 'credentialsProvider' of type [org.springframework.cloud.aws.core.credentials.CredentialsProviderFactoryBean] is not eligible for getting processed by all BeanPostProcessors (for example: not eligible for auto-proxying)
2022-09-24 19:30:42.342  INFO 30594 --- [    Test worker] trationDelegate$BeanPostProcessorChecker : Bean 'credentialsProvider' of type [com.amazonaws.auth.AWSCredentialsProviderChain] is not eligible for getting processed by all BeanPostProcessors (for example: not eligible for auto-proxying)
2022-09-24 19:30:43.906  INFO 30594 --- [    Test worker] o.s.s.web.DefaultSecurityFilterChain     : Will secure any request with [org.springframework.security.web.session.DisableEncodeUrlFilter@64dfb31d, org.springframework.security.web.context.request.async.WebAsyncManagerIntegrationFilter@4438b862, org.springframework.security.web.context.SecurityContextPersistenceFilter@57e4b86c, org.springframework.security.web.header.HeaderWriterFilter@25a290ee, org.springframework.security.web.authentication.logout.LogoutFilter@510da778, org.springframework.security.web.authentication.UsernamePasswordAuthenticationFilter@286866cb, org.springframework.security.web.savedrequest.RequestCacheAwareFilter@577bfadb, org.springframework.security.web.servletapi.SecurityContextHolderAwareRequestFilter@25ae1f80, org.springframework.security.web.authentication.AnonymousAuthenticationFilter@17b6ad97, org.springframework.security.web.session.SessionManagementFilter@99c4993, org.springframework.security.web.access.ExceptionTranslationFilter@31228d83, org.springframework.security.web.access.intercept.FilterSecurityInterceptor@23afc725]
2022-09-24 19:30:45.831  INFO 30594 --- [    Test worker] s.l.service.BoardServiceImplTest         : Started BoardServiceImplTest in 13.35 seconds (JVM running for 14.851)
2022-09-24 19:30:46.394  INFO 30594 --- [    Test worker] s.l.service.BoardServiceImplTest         : FindByName=Board(id=0, title=제목입니다., content=myLogicList, clickCnt=0, image=null, username=root, date=2022-09-23)
Board(id=0, title=제목입니다.2, content=myLogicList, clickCnt=0, image=null, username=root, date=2022-09-23)

]]></system-out>
  <system-err><![CDATA[]]></system-err>
</testsuite>
